[0.063s] Invoking command in '/home/rafaelbranco/Documentos/ISEP/OmniWatch/simple_car/build/simple_car': CMAKE_PREFIX_PATH=${CMAKE_PREFIX_PATH}:/opt/ros/humble /usr/bin/cmake --build /home/rafaelbranco/Documentos/ISEP/OmniWatch/simple_car/build/simple_car -- -j12 -l12
[0.195s] Invoked command in '/home/rafaelbranco/Documentos/ISEP/OmniWatch/simple_car/build/simple_car' returned '0': CMAKE_PREFIX_PATH=${CMAKE_PREFIX_PATH}:/opt/ros/humble /usr/bin/cmake --build /home/rafaelbranco/Documentos/ISEP/OmniWatch/simple_car/build/simple_car -- -j12 -l12
[0.230s] Invoking command in '/home/rafaelbranco/Documentos/ISEP/OmniWatch/simple_car/build/simple_car': CMAKE_PREFIX_PATH=${CMAKE_PREFIX_PATH}:/opt/ros/humble /usr/bin/cmake --install /home/rafaelbranco/Documentos/ISEP/OmniWatch/simple_car/build/simple_car
[0.252s] -- Install configuration: ""
[0.255s] -- Execute custom install script
[0.256s] -- Up-to-date symlink: /home/rafaelbranco/Documentos/ISEP/OmniWatch/simple_car/install/simple_car/share/simple_car/launch/spawn_car.launch.py
[0.258s] -- Up-to-date symlink: /home/rafaelbranco/Documentos/ISEP/OmniWatch/simple_car/install/simple_car/share/simple_car/models/simple_car/model.config
[0.258s] -- Up-to-date symlink: /home/rafaelbranco/Documentos/ISEP/OmniWatch/simple_car/install/simple_car/share/simple_car/models/simple_car/model.sdf
[0.259s] -- Up-to-date symlink: /home/rafaelbranco/Documentos/ISEP/OmniWatch/simple_car/install/simple_car/share/ament_index/resource_index/package_run_dependencies/simple_car
[0.260s] -- Up-to-date symlink: /home/rafaelbranco/Documentos/ISEP/OmniWatch/simple_car/install/simple_car/share/ament_index/resource_index/parent_prefix_path/simple_car
[0.261s] -- Up-to-date symlink: /home/rafaelbranco/Documentos/ISEP/OmniWatch/simple_car/install/simple_car/share/simple_car/environment/ament_prefix_path.sh
[0.262s] -- Up-to-date symlink: /home/rafaelbranco/Documentos/ISEP/OmniWatch/simple_car/install/simple_car/share/simple_car/environment/ament_prefix_path.dsv
[0.264s] -- Up-to-date symlink: /home/rafaelbranco/Documentos/ISEP/OmniWatch/simple_car/install/simple_car/share/simple_car/environment/path.sh
[0.264s] -- Up-to-date symlink: /home/rafaelbranco/Documentos/ISEP/OmniWatch/simple_car/install/simple_car/share/simple_car/environment/path.dsv
[0.266s] -- Up-to-date symlink: /home/rafaelbranco/Documentos/ISEP/OmniWatch/simple_car/install/simple_car/share/simple_car/local_setup.bash
[0.267s] -- Up-to-date symlink: /home/rafaelbranco/Documentos/ISEP/OmniWatch/simple_car/install/simple_car/share/simple_car/local_setup.sh
[0.267s] -- Up-to-date symlink: /home/rafaelbranco/Documentos/ISEP/OmniWatch/simple_car/install/simple_car/share/simple_car/local_setup.zsh
[0.269s] -- Up-to-date symlink: /home/rafaelbranco/Documentos/ISEP/OmniWatch/simple_car/install/simple_car/share/simple_car/local_setup.dsv
[0.269s] -- Symlinking: /home/rafaelbranco/Documentos/ISEP/OmniWatch/simple_car/install/simple_car/share/simple_car/package.dsv
[0.303s] -- Up-to-date symlink: /home/rafaelbranco/Documentos/ISEP/OmniWatch/simple_car/install/simple_car/share/ament_index/resource_index/packages/simple_car
[0.304s] -- Up-to-date symlink: /home/rafaelbranco/Documentos/ISEP/OmniWatch/simple_car/install/simple_car/share/simple_car/cmake/simple_carConfig.cmake
[0.304s] -- Up-to-date symlink: /home/rafaelbranco/Documentos/ISEP/OmniWatch/simple_car/install/simple_car/share/simple_car/cmake/simple_carConfig-version.cmake
[0.305s] -- Up-to-date symlink: /home/rafaelbranco/Documentos/ISEP/OmniWatch/simple_car/install/simple_car/share/simple_car/package.xml
[0.306s] -- Up-to-date: /home/rafaelbranco/Documentos/ISEP/OmniWatch/simple_car/install/simple_car/lib/simple_car/car_controller
[0.306s] -- Installing: /home/rafaelbranco/Documentos/ISEP/OmniWatch/simple_car/install/simple_car/lib/simple_car/waypoint_follower
[0.312s] Invoked command in '/home/rafaelbranco/Documentos/ISEP/OmniWatch/simple_car/build/simple_car' returned '0': CMAKE_PREFIX_PATH=${CMAKE_PREFIX_PATH}:/opt/ros/humble /usr/bin/cmake --install /home/rafaelbranco/Documentos/ISEP/OmniWatch/simple_car/build/simple_car
