[0.008s] Invoking command in '/home/rafaelbranco/Documentos/ISEP/OmniWatch/build/simple_car': CMAKE_PREFIX_PATH=${CMAKE_PREFIX_PATH}:/home/rafaelbranco/Documentos/ISEP/OmniWatch/install/ros2_ws:/opt/ros/humble /usr/bin/cmake /home/rafaelbranco/Documentos/ISEP/OmniWatch/simple_car/simple_car -DCMAKE_INSTALL_PREFIX=/home/rafaelbranco/Documentos/ISEP/OmniWatch/install/simple_car
[0.049s] -- The C compiler identification is GNU 11.4.0
[0.095s] -- The CXX compiler identification is GNU 11.4.0
[0.104s] -- Detecting C compiler ABI info
[0.291s] -- Detecting C compiler ABI info - done
[0.325s] -- Check for working C compiler: /usr/bin/cc - skipped
[0.326s] -- Detecting C compile features
[0.330s] -- Detecting C compile features - done
[0.343s] -- Detecting CXX compiler ABI info
[0.616s] -- Detecting CXX compiler ABI info - done
[0.623s] -- Check for working CXX compiler: /usr/bin/c++ - skipped
[0.623s] -- Detecting CXX compile features
[0.623s] -- Detecting CXX compile features - done
[0.626s] -- Found ament_cmake: 1.3.11 (/opt/ros/humble/share/ament_cmake/cmake)
[0.945s] -- Found Python3: /usr/bin/python3 (found version "3.10.12") found components: Interpreter 
[1.089s] -- Found rclpy: 3.3.16 (/opt/ros/humble/share/rclpy/cmake)
[1.171s] -- Configuring done
[1.177s] -- Generating done
[1.182s] -- Build files have been written to: /home/rafaelbranco/Documentos/ISEP/OmniWatch/build/simple_car
[1.192s] Invoked command in '/home/rafaelbranco/Documentos/ISEP/OmniWatch/build/simple_car' returned '0': CMAKE_PREFIX_PATH=${CMAKE_PREFIX_PATH}:/home/rafaelbranco/Documentos/ISEP/OmniWatch/install/ros2_ws:/opt/ros/humble /usr/bin/cmake /home/rafaelbranco/Documentos/ISEP/OmniWatch/simple_car/simple_car -DCMAKE_INSTALL_PREFIX=/home/rafaelbranco/Documentos/ISEP/OmniWatch/install/simple_car
[1.193s] Invoking command in '/home/rafaelbranco/Documentos/ISEP/OmniWatch/build/simple_car': CMAKE_PREFIX_PATH=${CMAKE_PREFIX_PATH}:/home/rafaelbranco/Documentos/ISEP/OmniWatch/install/ros2_ws:/opt/ros/humble /usr/bin/cmake --build /home/rafaelbranco/Documentos/ISEP/OmniWatch/build/simple_car -- -j12 -l12
[1.245s] Invoked command in '/home/rafaelbranco/Documentos/ISEP/OmniWatch/build/simple_car' returned '0': CMAKE_PREFIX_PATH=${CMAKE_PREFIX_PATH}:/home/rafaelbranco/Documentos/ISEP/OmniWatch/install/ros2_ws:/opt/ros/humble /usr/bin/cmake --build /home/rafaelbranco/Documentos/ISEP/OmniWatch/build/simple_car -- -j12 -l12
[1.252s] Invoking command in '/home/rafaelbranco/Documentos/ISEP/OmniWatch/build/simple_car': CMAKE_PREFIX_PATH=${CMAKE_PREFIX_PATH}:/home/rafaelbranco/Documentos/ISEP/OmniWatch/install/ros2_ws:/opt/ros/humble /usr/bin/cmake --install /home/rafaelbranco/Documentos/ISEP/OmniWatch/build/simple_car
[1.257s] -- Install configuration: ""
[1.258s] -- Up-to-date: /home/rafaelbranco/Documentos/ISEP/OmniWatch/install/simple_car/lib/simple_car/car_controller
[1.258s] -- Installing: /home/rafaelbranco/Documentos/ISEP/OmniWatch/install/simple_car/lib/simple_car/waypoint_follower
[1.258s] -- Up-to-date: /home/rafaelbranco/Documentos/ISEP/OmniWatch/install/simple_car/share/simple_car/launch
[1.258s] -- Up-to-date: /home/rafaelbranco/Documentos/ISEP/OmniWatch/install/simple_car/share/simple_car/launch/spawn_car.launch.py
[1.258s] -- Up-to-date: /home/rafaelbranco/Documentos/ISEP/OmniWatch/install/simple_car/share/simple_car/models
[1.258s] -- Up-to-date: /home/rafaelbranco/Documentos/ISEP/OmniWatch/install/simple_car/share/simple_car/models/simple_car
[1.258s] -- Up-to-date: /home/rafaelbranco/Documentos/ISEP/OmniWatch/install/simple_car/share/simple_car/models/simple_car/model.config
[1.258s] -- Up-to-date: /home/rafaelbranco/Documentos/ISEP/OmniWatch/install/simple_car/share/simple_car/models/simple_car/model.sdf
[1.258s] -- Up-to-date: /home/rafaelbranco/Documentos/ISEP/OmniWatch/install/simple_car/share/ament_index/resource_index/package_run_dependencies/simple_car
[1.258s] -- Up-to-date: /home/rafaelbranco/Documentos/ISEP/OmniWatch/install/simple_car/share/ament_index/resource_index/parent_prefix_path/simple_car
[1.258s] -- Up-to-date: /home/rafaelbranco/Documentos/ISEP/OmniWatch/install/simple_car/share/simple_car/environment/ament_prefix_path.sh
[1.259s] -- Installing: /home/rafaelbranco/Documentos/ISEP/OmniWatch/install/simple_car/share/simple_car/environment/ament_prefix_path.dsv
[1.259s] -- Up-to-date: /home/rafaelbranco/Documentos/ISEP/OmniWatch/install/simple_car/share/simple_car/environment/path.sh
[1.259s] -- Installing: /home/rafaelbranco/Documentos/ISEP/OmniWatch/install/simple_car/share/simple_car/environment/path.dsv
[1.259s] -- Up-to-date: /home/rafaelbranco/Documentos/ISEP/OmniWatch/install/simple_car/share/simple_car/local_setup.bash
[1.259s] -- Up-to-date: /home/rafaelbranco/Documentos/ISEP/OmniWatch/install/simple_car/share/simple_car/local_setup.sh
[1.259s] -- Up-to-date: /home/rafaelbranco/Documentos/ISEP/OmniWatch/install/simple_car/share/simple_car/local_setup.zsh
[1.259s] -- Installing: /home/rafaelbranco/Documentos/ISEP/OmniWatch/install/simple_car/share/simple_car/local_setup.dsv
[1.259s] -- Installing: /home/rafaelbranco/Documentos/ISEP/OmniWatch/install/simple_car/share/simple_car/package.dsv
[1.259s] -- Up-to-date: /home/rafaelbranco/Documentos/ISEP/OmniWatch/install/simple_car/share/ament_index/resource_index/packages/simple_car
[1.259s] -- Up-to-date: /home/rafaelbranco/Documentos/ISEP/OmniWatch/install/simple_car/share/simple_car/cmake/simple_carConfig.cmake
[1.259s] -- Up-to-date: /home/rafaelbranco/Documentos/ISEP/OmniWatch/install/simple_car/share/simple_car/cmake/simple_carConfig-version.cmake
[1.259s] -- Up-to-date: /home/rafaelbranco/Documentos/ISEP/OmniWatch/install/simple_car/share/simple_car/package.xml
[1.260s] Invoked command in '/home/rafaelbranco/Documentos/ISEP/OmniWatch/build/simple_car' returned '0': CMAKE_PREFIX_PATH=${CMAKE_PREFIX_PATH}:/home/rafaelbranco/Documentos/ISEP/OmniWatch/install/ros2_ws:/opt/ros/humble /usr/bin/cmake --install /home/rafaelbranco/Documentos/ISEP/OmniWatch/build/simple_car
