-- The C compiler identification is GNU 11.4.0
-- The CXX compiler identification is GNU 11.4.0
-- Detecting C compiler ABI info
-- Detecting C compiler ABI info - done
-- Check for working C compiler: /usr/bin/cc - skipped
-- Detecting C compile features
-- Detecting C compile features - done
-- Detecting CXX compiler ABI info
-- Detecting CXX compiler ABI info - done
-- Check for working CXX compiler: /usr/bin/c++ - skipped
-- Detecting CXX compile features
-- Detecting CXX compile features - done
-- Found ament_cmake: 1.3.11 (/opt/ros/humble/share/ament_cmake/cmake)
-- Found Python3: /usr/bin/python3 (found version "3.10.12") found components: Interpreter 
-- Override CMake install command with custom implementation using symlinks instead of copying resources
-- Found ament_lint_auto: 0.12.12 (/opt/ros/humble/share/ament_lint_auto/cmake)
-- Added test 'flake8' to check Python code syntax and style conventions
-- Added test 'lint_cmake' to check CMake code style
-- Added test 'pep257' to check Python code against some of the docstring style conventions in PEP 257
-- Added test 'xmllint' to check XML markup files
-- Configuring done
-- Generating done
-- Build files have been written to: /home/rafaelbranco/Documentos/ISEP/OmniWatch/simple_car/build/exemplo3
-- Install configuration: ""
-- Execute custom install script
-- Symlinking: /home/rafaelbranco/Documentos/ISEP/OmniWatch/simple_car/install/exemplo3/share/exemplo3/launch/bringup.launch.py
-- Symlinking: /home/rafaelbranco/Documentos/ISEP/OmniWatch/simple_car/install/exemplo3/share/exemplo3/urdf/ackermann.urdf.xacro
-- Symlinking: /home/rafaelbranco/Documentos/ISEP/OmniWatch/simple_car/install/exemplo3/share/exemplo3/config/ackerman_controllers.yaml
-- Symlinking: /home/rafaelbranco/Documentos/ISEP/OmniWatch/simple_car/install/exemplo3/share/ament_index/resource_index/package_run_dependencies/exemplo3
-- Symlinking: /home/rafaelbranco/Documentos/ISEP/OmniWatch/simple_car/install/exemplo3/share/ament_index/resource_index/parent_prefix_path/exemplo3
-- Symlinking: /home/rafaelbranco/Documentos/ISEP/OmniWatch/simple_car/install/exemplo3/share/exemplo3/environment/ament_prefix_path.sh
-- Symlinking: /home/rafaelbranco/Documentos/ISEP/OmniWatch/simple_car/install/exemplo3/share/exemplo3/environment/ament_prefix_path.dsv
-- Symlinking: /home/rafaelbranco/Documentos/ISEP/OmniWatch/simple_car/install/exemplo3/share/exemplo3/environment/path.sh
-- Symlinking: /home/rafaelbranco/Documentos/ISEP/OmniWatch/simple_car/install/exemplo3/share/exemplo3/environment/path.dsv
-- Symlinking: /home/rafaelbranco/Documentos/ISEP/OmniWatch/simple_car/install/exemplo3/share/exemplo3/local_setup.bash
-- Symlinking: /home/rafaelbranco/Documentos/ISEP/OmniWatch/simple_car/install/exemplo3/share/exemplo3/local_setup.sh
-- Symlinking: /home/rafaelbranco/Documentos/ISEP/OmniWatch/simple_car/install/exemplo3/share/exemplo3/local_setup.zsh
-- Symlinking: /home/rafaelbranco/Documentos/ISEP/OmniWatch/simple_car/install/exemplo3/share/exemplo3/local_setup.dsv
-- Symlinking: /home/rafaelbranco/Documentos/ISEP/OmniWatch/simple_car/install/exemplo3/share/exemplo3/package.dsv
-- Symlinking: /home/rafaelbranco/Documentos/ISEP/OmniWatch/simple_car/install/exemplo3/share/ament_index/resource_index/packages/exemplo3
-- Symlinking: /home/rafaelbranco/Documentos/ISEP/OmniWatch/simple_car/install/exemplo3/share/exemplo3/cmake/exemplo3Config.cmake
-- Symlinking: /home/rafaelbranco/Documentos/ISEP/OmniWatch/simple_car/install/exemplo3/share/exemplo3/cmake/exemplo3Config-version.cmake
-- Symlinking: /home/rafaelbranco/Documentos/ISEP/OmniWatch/simple_car/install/exemplo3/share/exemplo3/package.xml
