[0.022s] Invoking command in '/home/rafaelbranco/Documentos/ISEP/OmniWatch/simple_car/build/exemplo3': CMAKE_PREFIX_PATH=${CMAKE_PREFIX_PATH}:/opt/ros/humble /usr/bin/cmake /home/rafaelbranco/Documentos/ISEP/OmniWatch/simple_car/exemplo3 -DAMENT_CMAKE_SYMLINK_INSTALL=1 -DCMAKE_INSTALL_PREFIX=/home/rafaelbranco/Documentos/ISEP/OmniWatch/simple_car/install/exemplo3
[0.075s] -- The C compiler identification is GNU 11.4.0
[0.129s] -- The CXX compiler identification is GNU 11.4.0
[0.135s] -- Detecting C compiler ABI info
[0.196s] -- Detecting C compiler ABI info - done
[0.203s] -- Check for working C compiler: /usr/bin/cc - skipped
[0.204s] -- Detecting C compile features
[0.204s] -- Detecting C compile features - done
[0.207s] -- Detecting CXX compiler ABI info
[0.282s] -- Detecting CXX compiler ABI info - done
[0.290s] -- Check for working CXX compiler: /usr/bin/c++ - skipped
[0.290s] -- Detecting CXX compile features
[0.290s] -- Detecting CXX compile features - done
[0.294s] -- Found ament_cmake: 1.3.11 (/opt/ros/humble/share/ament_cmake/cmake)
[0.443s] -- Found Python3: /usr/bin/python3 (found version "3.10.12") found components: Interpreter 
[0.504s] -- Override CMake install command with custom implementation using symlinks instead of copying resources
[0.541s] -- Found ament_lint_auto: 0.12.12 (/opt/ros/humble/share/ament_lint_auto/cmake)
[0.623s] -- Added test 'flake8' to check Python code syntax and style conventions
[0.624s] -- Added test 'lint_cmake' to check CMake code style
[0.625s] -- Added test 'pep257' to check Python code against some of the docstring style conventions in PEP 257
[0.626s] -- Added test 'xmllint' to check XML markup files
[0.628s] -- Configuring done
[0.631s] -- Generating done
[0.632s] -- Build files have been written to: /home/rafaelbranco/Documentos/ISEP/OmniWatch/simple_car/build/exemplo3
[0.637s] Invoked command in '/home/rafaelbranco/Documentos/ISEP/OmniWatch/simple_car/build/exemplo3' returned '0': CMAKE_PREFIX_PATH=${CMAKE_PREFIX_PATH}:/opt/ros/humble /usr/bin/cmake /home/rafaelbranco/Documentos/ISEP/OmniWatch/simple_car/exemplo3 -DAMENT_CMAKE_SYMLINK_INSTALL=1 -DCMAKE_INSTALL_PREFIX=/home/rafaelbranco/Documentos/ISEP/OmniWatch/simple_car/install/exemplo3
[0.638s] Invoking command in '/home/rafaelbranco/Documentos/ISEP/OmniWatch/simple_car/build/exemplo3': CMAKE_PREFIX_PATH=${CMAKE_PREFIX_PATH}:/opt/ros/humble /usr/bin/cmake --build /home/rafaelbranco/Documentos/ISEP/OmniWatch/simple_car/build/exemplo3 -- -j12 -l12
[0.669s] Invoked command in '/home/rafaelbranco/Documentos/ISEP/OmniWatch/simple_car/build/exemplo3' returned '0': CMAKE_PREFIX_PATH=${CMAKE_PREFIX_PATH}:/opt/ros/humble /usr/bin/cmake --build /home/rafaelbranco/Documentos/ISEP/OmniWatch/simple_car/build/exemplo3 -- -j12 -l12
[0.677s] Invoking command in '/home/rafaelbranco/Documentos/ISEP/OmniWatch/simple_car/build/exemplo3': CMAKE_PREFIX_PATH=${CMAKE_PREFIX_PATH}:/opt/ros/humble /usr/bin/cmake --install /home/rafaelbranco/Documentos/ISEP/OmniWatch/simple_car/build/exemplo3
[0.683s] -- Install configuration: ""
[0.684s] -- Execute custom install script
[0.684s] -- Symlinking: /home/rafaelbranco/Documentos/ISEP/OmniWatch/simple_car/install/exemplo3/share/exemplo3/launch/bringup.launch.py
[0.693s] -- Symlinking: /home/rafaelbranco/Documentos/ISEP/OmniWatch/simple_car/install/exemplo3/share/exemplo3/urdf/ackermann.urdf.xacro
[0.700s] -- Symlinking: /home/rafaelbranco/Documentos/ISEP/OmniWatch/simple_car/install/exemplo3/share/exemplo3/config/ackerman_controllers.yaml
[0.708s] -- Symlinking: /home/rafaelbranco/Documentos/ISEP/OmniWatch/simple_car/install/exemplo3/share/ament_index/resource_index/package_run_dependencies/exemplo3
[0.715s] -- Symlinking: /home/rafaelbranco/Documentos/ISEP/OmniWatch/simple_car/install/exemplo3/share/ament_index/resource_index/parent_prefix_path/exemplo3
[0.722s] -- Symlinking: /home/rafaelbranco/Documentos/ISEP/OmniWatch/simple_car/install/exemplo3/share/exemplo3/environment/ament_prefix_path.sh
[0.730s] -- Symlinking: /home/rafaelbranco/Documentos/ISEP/OmniWatch/simple_car/install/exemplo3/share/exemplo3/environment/ament_prefix_path.dsv
[0.738s] -- Symlinking: /home/rafaelbranco/Documentos/ISEP/OmniWatch/simple_car/install/exemplo3/share/exemplo3/environment/path.sh
[0.745s] -- Symlinking: /home/rafaelbranco/Documentos/ISEP/OmniWatch/simple_car/install/exemplo3/share/exemplo3/environment/path.dsv
[0.753s] -- Symlinking: /home/rafaelbranco/Documentos/ISEP/OmniWatch/simple_car/install/exemplo3/share/exemplo3/local_setup.bash
[0.760s] -- Symlinking: /home/rafaelbranco/Documentos/ISEP/OmniWatch/simple_car/install/exemplo3/share/exemplo3/local_setup.sh
[0.767s] -- Symlinking: /home/rafaelbranco/Documentos/ISEP/OmniWatch/simple_car/install/exemplo3/share/exemplo3/local_setup.zsh
[0.775s] -- Symlinking: /home/rafaelbranco/Documentos/ISEP/OmniWatch/simple_car/install/exemplo3/share/exemplo3/local_setup.dsv
[0.782s] -- Symlinking: /home/rafaelbranco/Documentos/ISEP/OmniWatch/simple_car/install/exemplo3/share/exemplo3/package.dsv
[0.789s] -- Symlinking: /home/rafaelbranco/Documentos/ISEP/OmniWatch/simple_car/install/exemplo3/share/ament_index/resource_index/packages/exemplo3
[0.796s] -- Symlinking: /home/rafaelbranco/Documentos/ISEP/OmniWatch/simple_car/install/exemplo3/share/exemplo3/cmake/exemplo3Config.cmake
[0.804s] -- Symlinking: /home/rafaelbranco/Documentos/ISEP/OmniWatch/simple_car/install/exemplo3/share/exemplo3/cmake/exemplo3Config-version.cmake
[0.811s] -- Symlinking: /home/rafaelbranco/Documentos/ISEP/OmniWatch/simple_car/install/exemplo3/share/exemplo3/package.xml
[0.821s] Invoked command in '/home/rafaelbranco/Documentos/ISEP/OmniWatch/simple_car/build/exemplo3' returned '0': CMAKE_PREFIX_PATH=${CMAKE_PREFIX_PATH}:/opt/ros/humble /usr/bin/cmake --install /home/rafaelbranco/Documentos/ISEP/OmniWatch/simple_car/build/exemplo3
