[0.462s] DEBUG:colcon:Command line arguments: ['/usr/bin/colcon', 'build']
[0.462s] DEBUG:colcon:Parsed command line arguments: Namespace(log_base=None, log_level=None, verb_name='build', build_base='build', install_base='install', merge_install=False, symlink_install=False, test_result_base=None, continue_on_error=False, executor='parallel', parallel_workers=12, event_handlers=None, ignore_user_meta=False, metas=['./colcon.meta'], base_paths=['.'], packages_ignore=None, packages_ignore_regex=None, paths=None, packages_up_to=None, packages_up_to_regex=None, packages_above=None, packages_above_and_dependencies=None, packages_above_depth=None, packages_select_by_dep=None, packages_skip_by_dep=None, packages_skip_up_to=None, packages_select_build_failed=False, packages_skip_build_finished=False, packages_select_test_failures=False, packages_skip_test_passed=False, packages_select=None, packages_skip=None, packages_select_regex=None, packages_skip_regex=None, packages_start=None, packages_end=None, cmake_args=None, cmake_target=None, cmake_target_skip_unavailable=False, cmake_clean_cache=False, cmake_clean_first=False, cmake_force_configure=False, ament_cmake_args=None, catkin_cmake_args=None, catkin_skip_building_tests=False, mixin_files=None, mixin=None, verb_parser=<colcon_mixin.mixin.mixin_argument.MixinArgumentDecorator object at 0x7fa7a4fb9120>, verb_extension=<colcon_core.verb.build.BuildVerb object at 0x7fa7a50b5f30>, main=<bound method BuildVerb.main of <colcon_core.verb.build.BuildVerb object at 0x7fa7a50b5f30>>, mixin_verb=('build',))
[1.138s] Level 1:colcon.colcon_core.package_discovery:discover_packages(colcon_meta) check parameters
[1.139s] Level 1:colcon.colcon_core.package_discovery:discover_packages(recursive) check parameters
[1.139s] Level 1:colcon.colcon_core.package_discovery:discover_packages(ignore) check parameters
[1.139s] Level 1:colcon.colcon_core.package_discovery:discover_packages(path) check parameters
[1.139s] Level 1:colcon.colcon_core.package_discovery:discover_packages(colcon_meta) discover
[1.139s] Level 1:colcon.colcon_core.package_discovery:discover_packages(recursive) discover
[1.139s] INFO:colcon.colcon_core.package_discovery:Crawling recursively for packages in '/home/rafaelbranco/Documentos/ISEP/OmniWatch/simple_car'
[1.140s] Level 1:colcon.colcon_core.package_identification:_identify(.) by extensions ['ignore', 'ignore_ament_install']
[1.140s] Level 1:colcon.colcon_core.package_identification:_identify(.) by extension 'ignore'
[1.141s] Level 1:colcon.colcon_core.package_identification:_identify(.) by extension 'ignore_ament_install'
[1.141s] Level 1:colcon.colcon_core.package_identification:_identify(.) by extensions ['colcon_pkg']
[1.141s] Level 1:colcon.colcon_core.package_identification:_identify(.) by extension 'colcon_pkg'
[1.141s] Level 1:colcon.colcon_core.package_identification:_identify(.) by extensions ['colcon_meta']
[1.141s] Level 1:colcon.colcon_core.package_identification:_identify(.) by extension 'colcon_meta'
[1.142s] Level 1:colcon.colcon_core.package_identification:_identify(.) by extensions ['ros']
[1.142s] Level 1:colcon.colcon_core.package_identification:_identify(.) by extension 'ros'
[1.191s] Level 1:colcon.colcon_core.package_identification:_identify(.) by extensions ['cmake', 'python']
[1.191s] Level 1:colcon.colcon_core.package_identification:_identify(.) by extension 'cmake'
[1.191s] Level 1:colcon.colcon_core.package_identification:_identify(.) by extension 'python'
[1.192s] Level 1:colcon.colcon_core.package_identification:_identify(.) by extensions ['python_setup_py']
[1.192s] Level 1:colcon.colcon_core.package_identification:_identify(.) by extension 'python_setup_py'
[1.192s] Level 1:colcon.colcon_core.package_identification:_identify(build) by extensions ['ignore', 'ignore_ament_install']
[1.193s] Level 1:colcon.colcon_core.package_identification:_identify(build) by extension 'ignore'
[1.193s] Level 1:colcon.colcon_core.package_identification:_identify(build) ignored
[1.194s] Level 1:colcon.colcon_core.package_identification:_identify(install) by extensions ['ignore', 'ignore_ament_install']
[1.194s] Level 1:colcon.colcon_core.package_identification:_identify(install) by extension 'ignore'
[1.194s] Level 1:colcon.colcon_core.package_identification:_identify(install) ignored
[1.195s] Level 1:colcon.colcon_core.package_identification:_identify(log) by extensions ['ignore', 'ignore_ament_install']
[1.195s] Level 1:colcon.colcon_core.package_identification:_identify(log) by extension 'ignore'
[1.195s] Level 1:colcon.colcon_core.package_identification:_identify(log) ignored
[1.196s] Level 1:colcon.colcon_core.package_identification:_identify(simple_car) by extensions ['ignore', 'ignore_ament_install']
[1.196s] Level 1:colcon.colcon_core.package_identification:_identify(simple_car) by extension 'ignore'
[1.196s] Level 1:colcon.colcon_core.package_identification:_identify(simple_car) by extension 'ignore_ament_install'
[1.197s] Level 1:colcon.colcon_core.package_identification:_identify(simple_car) by extensions ['colcon_pkg']
[1.197s] Level 1:colcon.colcon_core.package_identification:_identify(simple_car) by extension 'colcon_pkg'
[1.197s] Level 1:colcon.colcon_core.package_identification:_identify(simple_car) by extensions ['colcon_meta']
[1.197s] Level 1:colcon.colcon_core.package_identification:_identify(simple_car) by extension 'colcon_meta'
[1.198s] Level 1:colcon.colcon_core.package_identification:_identify(simple_car) by extensions ['ros']
[1.198s] Level 1:colcon.colcon_core.package_identification:_identify(simple_car) by extension 'ros'
[1.209s] DEBUG:colcon.colcon_core.package_identification:Package 'simple_car' with type 'ros.ament_cmake' and name 'simple_car'
[1.209s] Level 1:colcon.colcon_core.package_identification:_identify(venv) by extensions ['ignore', 'ignore_ament_install']
[1.210s] Level 1:colcon.colcon_core.package_identification:_identify(venv) by extension 'ignore'
[1.210s] Level 1:colcon.colcon_core.package_identification:_identify(venv) by extension 'ignore_ament_install'
[1.211s] Level 1:colcon.colcon_core.package_identification:_identify(venv) by extensions ['colcon_pkg']
[1.211s] Level 1:colcon.colcon_core.package_identification:_identify(venv) by extension 'colcon_pkg'
[1.211s] Level 1:colcon.colcon_core.package_identification:_identify(venv) by extensions ['colcon_meta']
[1.211s] Level 1:colcon.colcon_core.package_identification:_identify(venv) by extension 'colcon_meta'
[1.211s] Level 1:colcon.colcon_core.package_identification:_identify(venv) by extensions ['ros']
[1.212s] Level 1:colcon.colcon_core.package_identification:_identify(venv) by extension 'ros'
[1.212s] Level 1:colcon.colcon_core.package_identification:_identify(venv) by extensions ['cmake', 'python']
[1.212s] Level 1:colcon.colcon_core.package_identification:_identify(venv) by extension 'cmake'
[1.212s] Level 1:colcon.colcon_core.package_identification:_identify(venv) by extension 'python'
[1.212s] Level 1:colcon.colcon_core.package_identification:_identify(venv) by extensions ['python_setup_py']
[1.213s] Level 1:colcon.colcon_core.package_identification:_identify(venv) by extension 'python_setup_py'
[1.213s] Level 1:colcon.colcon_core.package_discovery:discover_packages(recursive) using defaults
[1.213s] Level 1:colcon.colcon_core.package_discovery:discover_packages(ignore) discover
[1.213s] Level 1:colcon.colcon_core.package_discovery:discover_packages(ignore) using defaults
[1.213s] Level 1:colcon.colcon_core.package_discovery:discover_packages(path) discover
[1.213s] Level 1:colcon.colcon_core.package_discovery:discover_packages(path) using defaults
[1.296s] Level 5:colcon.colcon_core.verb:set package 'simple_car' build argument 'cmake_args' from command line to 'None'
[1.296s] Level 5:colcon.colcon_core.verb:set package 'simple_car' build argument 'cmake_target' from command line to 'None'
[1.296s] Level 5:colcon.colcon_core.verb:set package 'simple_car' build argument 'cmake_target_skip_unavailable' from command line to 'False'
[1.296s] Level 5:colcon.colcon_core.verb:set package 'simple_car' build argument 'cmake_clean_cache' from command line to 'False'
[1.296s] Level 5:colcon.colcon_core.verb:set package 'simple_car' build argument 'cmake_clean_first' from command line to 'False'
[1.296s] Level 5:colcon.colcon_core.verb:set package 'simple_car' build argument 'cmake_force_configure' from command line to 'False'
[1.297s] Level 5:colcon.colcon_core.verb:set package 'simple_car' build argument 'ament_cmake_args' from command line to 'None'
[1.297s] Level 5:colcon.colcon_core.verb:set package 'simple_car' build argument 'catkin_cmake_args' from command line to 'None'
[1.297s] Level 5:colcon.colcon_core.verb:set package 'simple_car' build argument 'catkin_skip_building_tests' from command line to 'False'
[1.297s] DEBUG:colcon.colcon_core.verb:Building package 'simple_car' with the following arguments: {'ament_cmake_args': None, 'build_base': '/home/rafaelbranco/Documentos/ISEP/OmniWatch/simple_car/build/simple_car', 'catkin_cmake_args': None, 'catkin_skip_building_tests': False, 'cmake_args': None, 'cmake_clean_cache': False, 'cmake_clean_first': False, 'cmake_force_configure': False, 'cmake_target': None, 'cmake_target_skip_unavailable': False, 'install_base': '/home/rafaelbranco/Documentos/ISEP/OmniWatch/simple_car/install/simple_car', 'merge_install': False, 'path': '/home/rafaelbranco/Documentos/ISEP/OmniWatch/simple_car/simple_car', 'symlink_install': False, 'test_result_base': None}
[1.298s] INFO:colcon.colcon_core.executor:Executing jobs using 'parallel' executor
[1.302s] DEBUG:colcon.colcon_parallel_executor.executor.parallel:run_until_complete
[1.303s] INFO:colcon.colcon_ros.task.ament_cmake.build:Building ROS package in '/home/rafaelbranco/Documentos/ISEP/OmniWatch/simple_car/simple_car' with build type 'ament_cmake'
[1.303s] INFO:colcon.colcon_cmake.task.cmake.build:Building CMake package in '/home/rafaelbranco/Documentos/ISEP/OmniWatch/simple_car/simple_car'
[1.313s] INFO:colcon.colcon_core.plugin_system:Skipping extension 'colcon_core.shell.bat': Not used on non-Windows systems
[1.314s] INFO:colcon.colcon_core.shell:Skip shell extension 'powershell' for command environment: Not usable outside of PowerShell
[1.314s] DEBUG:colcon.colcon_core.shell:Skip shell extension 'dsv' for command environment
[1.361s] DEBUG:colcon.colcon_core.event_handler.log_command:Invoking command in '/home/rafaelbranco/Documentos/ISEP/OmniWatch/simple_car/build/simple_car': CMAKE_PREFIX_PATH=${CMAKE_PREFIX_PATH}:/opt/ros/humble /usr/bin/cmake --build /home/rafaelbranco/Documentos/ISEP/OmniWatch/simple_car/build/simple_car -- -j12 -l12
[1.493s] DEBUG:colcon.colcon_core.event_handler.log_command:Invoked command in '/home/rafaelbranco/Documentos/ISEP/OmniWatch/simple_car/build/simple_car' returned '0': CMAKE_PREFIX_PATH=${CMAKE_PREFIX_PATH}:/opt/ros/humble /usr/bin/cmake --build /home/rafaelbranco/Documentos/ISEP/OmniWatch/simple_car/build/simple_car -- -j12 -l12
[1.528s] DEBUG:colcon.colcon_core.event_handler.log_command:Invoking command in '/home/rafaelbranco/Documentos/ISEP/OmniWatch/simple_car/build/simple_car': CMAKE_PREFIX_PATH=${CMAKE_PREFIX_PATH}:/opt/ros/humble /usr/bin/cmake --install /home/rafaelbranco/Documentos/ISEP/OmniWatch/simple_car/build/simple_car
[1.603s] Level 1:colcon.colcon_core.environment:create_environment_scripts_only(simple_car)
[1.605s] DEBUG:colcon.colcon_core.event_handler.log_command:Invoked command in '/home/rafaelbranco/Documentos/ISEP/OmniWatch/simple_car/build/simple_car' returned '0': CMAKE_PREFIX_PATH=${CMAKE_PREFIX_PATH}:/opt/ros/humble /usr/bin/cmake --install /home/rafaelbranco/Documentos/ISEP/OmniWatch/simple_car/build/simple_car
[1.619s] Level 1:colcon.colcon_core.environment:checking '/home/rafaelbranco/Documentos/ISEP/OmniWatch/simple_car/install/simple_car' for CMake module files
[1.623s] Level 1:colcon.colcon_core.environment:checking '/home/rafaelbranco/Documentos/ISEP/OmniWatch/simple_car/install/simple_car' for CMake config files
[1.625s] Level 1:colcon.colcon_core.shell:create_environment_hook('simple_car', 'cmake_prefix_path')
[1.626s] INFO:colcon.colcon_core.shell:Creating environment hook '/home/rafaelbranco/Documentos/ISEP/OmniWatch/simple_car/install/simple_car/share/simple_car/hook/cmake_prefix_path.ps1'
[1.630s] INFO:colcon.colcon_core.shell:Creating environment descriptor '/home/rafaelbranco/Documentos/ISEP/OmniWatch/simple_car/install/simple_car/share/simple_car/hook/cmake_prefix_path.dsv'
[1.637s] INFO:colcon.colcon_core.shell:Creating environment hook '/home/rafaelbranco/Documentos/ISEP/OmniWatch/simple_car/install/simple_car/share/simple_car/hook/cmake_prefix_path.sh'
[1.643s] Level 1:colcon.colcon_core.environment:checking '/home/rafaelbranco/Documentos/ISEP/OmniWatch/simple_car/install/simple_car/lib'
[1.644s] Level 1:colcon.colcon_core.environment:checking '/home/rafaelbranco/Documentos/ISEP/OmniWatch/simple_car/install/simple_car/bin'
[1.644s] Level 1:colcon.colcon_core.environment:checking '/home/rafaelbranco/Documentos/ISEP/OmniWatch/simple_car/install/simple_car/lib/pkgconfig/simple_car.pc'
[1.651s] Level 1:colcon.colcon_core.environment:checking '/home/rafaelbranco/Documentos/ISEP/OmniWatch/simple_car/install/simple_car/lib/python3.10/site-packages'
[1.653s] Level 1:colcon.colcon_core.environment:checking '/home/rafaelbranco/Documentos/ISEP/OmniWatch/simple_car/install/simple_car/bin'
[1.654s] INFO:colcon.colcon_core.shell:Creating package script '/home/rafaelbranco/Documentos/ISEP/OmniWatch/simple_car/install/simple_car/share/simple_car/package.ps1'
[1.657s] INFO:colcon.colcon_core.shell:Creating package descriptor '/home/rafaelbranco/Documentos/ISEP/OmniWatch/simple_car/install/simple_car/share/simple_car/package.dsv'
[1.660s] INFO:colcon.colcon_core.shell:Creating package script '/home/rafaelbranco/Documentos/ISEP/OmniWatch/simple_car/install/simple_car/share/simple_car/package.sh'
[1.663s] INFO:colcon.colcon_core.shell:Creating package script '/home/rafaelbranco/Documentos/ISEP/OmniWatch/simple_car/install/simple_car/share/simple_car/package.bash'
[1.666s] INFO:colcon.colcon_core.shell:Creating package script '/home/rafaelbranco/Documentos/ISEP/OmniWatch/simple_car/install/simple_car/share/simple_car/package.zsh'
[1.669s] Level 1:colcon.colcon_core.environment:create_file_with_runtime_dependencies(/home/rafaelbranco/Documentos/ISEP/OmniWatch/simple_car/install/simple_car/share/colcon-core/packages/simple_car)
[1.672s] Level 1:colcon.colcon_core.environment:create_environment_scripts_only(simple_car)
[1.673s] Level 1:colcon.colcon_core.environment:checking '/home/rafaelbranco/Documentos/ISEP/OmniWatch/simple_car/install/simple_car' for CMake module files
[1.675s] Level 1:colcon.colcon_core.environment:checking '/home/rafaelbranco/Documentos/ISEP/OmniWatch/simple_car/install/simple_car' for CMake config files
[1.676s] Level 1:colcon.colcon_core.shell:create_environment_hook('simple_car', 'cmake_prefix_path')
[1.677s] INFO:colcon.colcon_core.shell:Creating environment hook '/home/rafaelbranco/Documentos/ISEP/OmniWatch/simple_car/install/simple_car/share/simple_car/hook/cmake_prefix_path.ps1'
[1.679s] INFO:colcon.colcon_core.shell:Creating environment descriptor '/home/rafaelbranco/Documentos/ISEP/OmniWatch/simple_car/install/simple_car/share/simple_car/hook/cmake_prefix_path.dsv'
[1.680s] INFO:colcon.colcon_core.shell:Creating environment hook '/home/rafaelbranco/Documentos/ISEP/OmniWatch/simple_car/install/simple_car/share/simple_car/hook/cmake_prefix_path.sh'
[1.682s] Level 1:colcon.colcon_core.environment:checking '/home/rafaelbranco/Documentos/ISEP/OmniWatch/simple_car/install/simple_car/lib'
[1.683s] Level 1:colcon.colcon_core.environment:checking '/home/rafaelbranco/Documentos/ISEP/OmniWatch/simple_car/install/simple_car/bin'
[1.683s] Level 1:colcon.colcon_core.environment:checking '/home/rafaelbranco/Documentos/ISEP/OmniWatch/simple_car/install/simple_car/lib/pkgconfig/simple_car.pc'
[1.684s] Level 1:colcon.colcon_core.environment:checking '/home/rafaelbranco/Documentos/ISEP/OmniWatch/simple_car/install/simple_car/lib/python3.10/site-packages'
[1.685s] Level 1:colcon.colcon_core.environment:checking '/home/rafaelbranco/Documentos/ISEP/OmniWatch/simple_car/install/simple_car/bin'
[1.686s] INFO:colcon.colcon_core.shell:Creating package script '/home/rafaelbranco/Documentos/ISEP/OmniWatch/simple_car/install/simple_car/share/simple_car/package.ps1'
[1.689s] INFO:colcon.colcon_core.shell:Creating package descriptor '/home/rafaelbranco/Documentos/ISEP/OmniWatch/simple_car/install/simple_car/share/simple_car/package.dsv'
[1.691s] INFO:colcon.colcon_core.shell:Creating package script '/home/rafaelbranco/Documentos/ISEP/OmniWatch/simple_car/install/simple_car/share/simple_car/package.sh'
[1.693s] INFO:colcon.colcon_core.shell:Creating package script '/home/rafaelbranco/Documentos/ISEP/OmniWatch/simple_car/install/simple_car/share/simple_car/package.bash'
[1.694s] INFO:colcon.colcon_core.shell:Creating package script '/home/rafaelbranco/Documentos/ISEP/OmniWatch/simple_car/install/simple_car/share/simple_car/package.zsh'
[1.696s] Level 1:colcon.colcon_core.environment:create_file_with_runtime_dependencies(/home/rafaelbranco/Documentos/ISEP/OmniWatch/simple_car/install/simple_car/share/colcon-core/packages/simple_car)
[1.697s] DEBUG:colcon.colcon_parallel_executor.executor.parallel:closing loop
[1.697s] DEBUG:colcon.colcon_parallel_executor.executor.parallel:loop closed
[1.699s] DEBUG:colcon.colcon_parallel_executor.executor.parallel:run_until_complete finished with '0'
[1.699s] DEBUG:colcon.colcon_core.event_reactor:joining thread
[1.762s] INFO:colcon.colcon_core.plugin_system:Skipping extension 'colcon_notification.desktop_notification.notify_send': Could not find 'notify-send'
[1.763s] INFO:colcon.colcon_core.plugin_system:Skipping extension 'colcon_notification.desktop_notification.terminal_notifier': Not used on non-Darwin systems
[1.763s] INFO:colcon.colcon_core.plugin_system:Skipping extension 'colcon_notification.desktop_notification.win32': Not used on non-Windows systems
[1.763s] INFO:colcon.colcon_notification.desktop_notification:Sending desktop notification using 'notify2'
[1.813s] DEBUG:colcon.colcon_core.event_reactor:joined thread
[1.814s] INFO:colcon.colcon_core.shell:Creating prefix script '/home/rafaelbranco/Documentos/ISEP/OmniWatch/simple_car/install/local_setup.ps1'
[1.818s] INFO:colcon.colcon_core.shell:Creating prefix util module '/home/rafaelbranco/Documentos/ISEP/OmniWatch/simple_car/install/_local_setup_util_ps1.py'
[1.825s] INFO:colcon.colcon_core.shell:Creating prefix chain script '/home/rafaelbranco/Documentos/ISEP/OmniWatch/simple_car/install/setup.ps1'
[1.830s] INFO:colcon.colcon_core.shell:Creating prefix script '/home/rafaelbranco/Documentos/ISEP/OmniWatch/simple_car/install/local_setup.sh'
[1.833s] INFO:colcon.colcon_core.shell:Creating prefix util module '/home/rafaelbranco/Documentos/ISEP/OmniWatch/simple_car/install/_local_setup_util_sh.py'
[1.836s] INFO:colcon.colcon_core.shell:Creating prefix chain script '/home/rafaelbranco/Documentos/ISEP/OmniWatch/simple_car/install/setup.sh'
[1.841s] INFO:colcon.colcon_core.shell:Creating prefix script '/home/rafaelbranco/Documentos/ISEP/OmniWatch/simple_car/install/local_setup.bash'
[1.843s] INFO:colcon.colcon_core.shell:Creating prefix chain script '/home/rafaelbranco/Documentos/ISEP/OmniWatch/simple_car/install/setup.bash'
[1.849s] INFO:colcon.colcon_core.shell:Creating prefix script '/home/rafaelbranco/Documentos/ISEP/OmniWatch/simple_car/install/local_setup.zsh'
[1.851s] INFO:colcon.colcon_core.shell:Creating prefix chain script '/home/rafaelbranco/Documentos/ISEP/OmniWatch/simple_car/install/setup.zsh'
