[0.456s] DEBUG:colcon:Command line arguments: ['/usr/bin/colcon', 'build']
[0.457s] DEBUG:colcon:Parsed command line arguments: Namespace(log_base=None, log_level=None, verb_name='build', build_base='build', install_base='install', merge_install=False, symlink_install=False, test_result_base=None, continue_on_error=False, executor='parallel', parallel_workers=12, event_handlers=None, ignore_user_meta=False, metas=['./colcon.meta'], base_paths=['.'], packages_ignore=None, packages_ignore_regex=None, paths=None, packages_up_to=None, packages_up_to_regex=None, packages_above=None, packages_above_and_dependencies=None, packages_above_depth=None, packages_select_by_dep=None, packages_skip_by_dep=None, packages_skip_up_to=None, packages_select_build_failed=False, packages_skip_build_finished=False, packages_select_test_failures=False, packages_skip_test_passed=False, packages_select=None, packages_skip=None, packages_select_regex=None, packages_skip_regex=None, packages_start=None, packages_end=None, cmake_args=None, cmake_target=None, cmake_target_skip_unavailable=False, cmake_clean_cache=False, cmake_clean_first=False, cmake_force_configure=False, ament_cmake_args=None, catkin_cmake_args=None, catkin_skip_building_tests=False, mixin_files=None, mixin=None, verb_parser=<colcon_mixin.mixin.mixin_argument.MixinArgumentDecorator object at 0x7f1eee009120>, verb_extension=<colcon_core.verb.build.BuildVerb object at 0x7f1eee105f30>, main=<bound method BuildVerb.main of <colcon_core.verb.build.BuildVerb object at 0x7f1eee105f30>>, mixin_verb=('build',))
[1.115s] Level 1:colcon.colcon_core.package_discovery:discover_packages(colcon_meta) check parameters
[1.115s] Level 1:colcon.colcon_core.package_discovery:discover_packages(recursive) check parameters
[1.116s] Level 1:colcon.colcon_core.package_discovery:discover_packages(ignore) check parameters
[1.116s] Level 1:colcon.colcon_core.package_discovery:discover_packages(path) check parameters
[1.116s] Level 1:colcon.colcon_core.package_discovery:discover_packages(colcon_meta) discover
[1.116s] Level 1:colcon.colcon_core.package_discovery:discover_packages(recursive) discover
[1.116s] INFO:colcon.colcon_core.package_discovery:Crawling recursively for packages in '/home/rafaelbranco/Documentos/ISEP/OmniWatch/simple_car'
[1.117s] Level 1:colcon.colcon_core.package_identification:_identify(.) by extensions ['ignore', 'ignore_ament_install']
[1.117s] Level 1:colcon.colcon_core.package_identification:_identify(.) by extension 'ignore'
[1.117s] Level 1:colcon.colcon_core.package_identification:_identify(.) by extension 'ignore_ament_install'
[1.118s] Level 1:colcon.colcon_core.package_identification:_identify(.) by extensions ['colcon_pkg']
[1.118s] Level 1:colcon.colcon_core.package_identification:_identify(.) by extension 'colcon_pkg'
[1.118s] Level 1:colcon.colcon_core.package_identification:_identify(.) by extensions ['colcon_meta']
[1.118s] Level 1:colcon.colcon_core.package_identification:_identify(.) by extension 'colcon_meta'
[1.118s] Level 1:colcon.colcon_core.package_identification:_identify(.) by extensions ['ros']
[1.119s] Level 1:colcon.colcon_core.package_identification:_identify(.) by extension 'ros'
[1.168s] Level 1:colcon.colcon_core.package_identification:_identify(.) by extensions ['cmake', 'python']
[1.168s] Level 1:colcon.colcon_core.package_identification:_identify(.) by extension 'cmake'
[1.168s] Level 1:colcon.colcon_core.package_identification:_identify(.) by extension 'python'
[1.168s] Level 1:colcon.colcon_core.package_identification:_identify(.) by extensions ['python_setup_py']
[1.169s] Level 1:colcon.colcon_core.package_identification:_identify(.) by extension 'python_setup_py'
[1.169s] Level 1:colcon.colcon_core.package_identification:_identify(build) by extensions ['ignore', 'ignore_ament_install']
[1.170s] Level 1:colcon.colcon_core.package_identification:_identify(build) by extension 'ignore'
[1.170s] Level 1:colcon.colcon_core.package_identification:_identify(build) ignored
[1.170s] Level 1:colcon.colcon_core.package_identification:_identify(install) by extensions ['ignore', 'ignore_ament_install']
[1.171s] Level 1:colcon.colcon_core.package_identification:_identify(install) by extension 'ignore'
[1.171s] Level 1:colcon.colcon_core.package_identification:_identify(install) ignored
[1.171s] Level 1:colcon.colcon_core.package_identification:_identify(log) by extensions ['ignore', 'ignore_ament_install']
[1.172s] Level 1:colcon.colcon_core.package_identification:_identify(log) by extension 'ignore'
[1.172s] Level 1:colcon.colcon_core.package_identification:_identify(log) ignored
[1.172s] Level 1:colcon.colcon_core.package_identification:_identify(simple_car) by extensions ['ignore', 'ignore_ament_install']
[1.173s] Level 1:colcon.colcon_core.package_identification:_identify(simple_car) by extension 'ignore'
[1.173s] Level 1:colcon.colcon_core.package_identification:_identify(simple_car) by extension 'ignore_ament_install'
[1.173s] Level 1:colcon.colcon_core.package_identification:_identify(simple_car) by extensions ['colcon_pkg']
[1.173s] Level 1:colcon.colcon_core.package_identification:_identify(simple_car) by extension 'colcon_pkg'
[1.174s] Level 1:colcon.colcon_core.package_identification:_identify(simple_car) by extensions ['colcon_meta']
[1.174s] Level 1:colcon.colcon_core.package_identification:_identify(simple_car) by extension 'colcon_meta'
[1.174s] Level 1:colcon.colcon_core.package_identification:_identify(simple_car) by extensions ['ros']
[1.174s] Level 1:colcon.colcon_core.package_identification:_identify(simple_car) by extension 'ros'
[1.185s] DEBUG:colcon.colcon_core.package_identification:Package 'simple_car' with type 'ros.ament_cmake' and name 'simple_car'
[1.186s] Level 1:colcon.colcon_core.package_identification:_identify(venv) by extensions ['ignore', 'ignore_ament_install']
[1.186s] Level 1:colcon.colcon_core.package_identification:_identify(venv) by extension 'ignore'
[1.187s] Level 1:colcon.colcon_core.package_identification:_identify(venv) by extension 'ignore_ament_install'
[1.187s] Level 1:colcon.colcon_core.package_identification:_identify(venv) by extensions ['colcon_pkg']
[1.187s] Level 1:colcon.colcon_core.package_identification:_identify(venv) by extension 'colcon_pkg'
[1.187s] Level 1:colcon.colcon_core.package_identification:_identify(venv) by extensions ['colcon_meta']
[1.187s] Level 1:colcon.colcon_core.package_identification:_identify(venv) by extension 'colcon_meta'
[1.188s] Level 1:colcon.colcon_core.package_identification:_identify(venv) by extensions ['ros']
[1.188s] Level 1:colcon.colcon_core.package_identification:_identify(venv) by extension 'ros'
[1.188s] Level 1:colcon.colcon_core.package_identification:_identify(venv) by extensions ['cmake', 'python']
[1.188s] Level 1:colcon.colcon_core.package_identification:_identify(venv) by extension 'cmake'
[1.189s] Level 1:colcon.colcon_core.package_identification:_identify(venv) by extension 'python'
[1.189s] Level 1:colcon.colcon_core.package_identification:_identify(venv) by extensions ['python_setup_py']
[1.189s] Level 1:colcon.colcon_core.package_identification:_identify(venv) by extension 'python_setup_py'
[1.189s] Level 1:colcon.colcon_core.package_discovery:discover_packages(recursive) using defaults
[1.189s] Level 1:colcon.colcon_core.package_discovery:discover_packages(ignore) discover
[1.189s] Level 1:colcon.colcon_core.package_discovery:discover_packages(ignore) using defaults
[1.190s] Level 1:colcon.colcon_core.package_discovery:discover_packages(path) discover
[1.190s] Level 1:colcon.colcon_core.package_discovery:discover_packages(path) using defaults
[1.272s] Level 5:colcon.colcon_core.verb:set package 'simple_car' build argument 'cmake_args' from command line to 'None'
[1.272s] Level 5:colcon.colcon_core.verb:set package 'simple_car' build argument 'cmake_target' from command line to 'None'
[1.272s] Level 5:colcon.colcon_core.verb:set package 'simple_car' build argument 'cmake_target_skip_unavailable' from command line to 'False'
[1.272s] Level 5:colcon.colcon_core.verb:set package 'simple_car' build argument 'cmake_clean_cache' from command line to 'False'
[1.273s] Level 5:colcon.colcon_core.verb:set package 'simple_car' build argument 'cmake_clean_first' from command line to 'False'
[1.273s] Level 5:colcon.colcon_core.verb:set package 'simple_car' build argument 'cmake_force_configure' from command line to 'False'
[1.273s] Level 5:colcon.colcon_core.verb:set package 'simple_car' build argument 'ament_cmake_args' from command line to 'None'
[1.273s] Level 5:colcon.colcon_core.verb:set package 'simple_car' build argument 'catkin_cmake_args' from command line to 'None'
[1.273s] Level 5:colcon.colcon_core.verb:set package 'simple_car' build argument 'catkin_skip_building_tests' from command line to 'False'
[1.273s] DEBUG:colcon.colcon_core.verb:Building package 'simple_car' with the following arguments: {'ament_cmake_args': None, 'build_base': '/home/rafaelbranco/Documentos/ISEP/OmniWatch/simple_car/build/simple_car', 'catkin_cmake_args': None, 'catkin_skip_building_tests': False, 'cmake_args': None, 'cmake_clean_cache': False, 'cmake_clean_first': False, 'cmake_force_configure': False, 'cmake_target': None, 'cmake_target_skip_unavailable': False, 'install_base': '/home/rafaelbranco/Documentos/ISEP/OmniWatch/simple_car/install/simple_car', 'merge_install': False, 'path': '/home/rafaelbranco/Documentos/ISEP/OmniWatch/simple_car/simple_car', 'symlink_install': False, 'test_result_base': None}
[1.274s] INFO:colcon.colcon_core.executor:Executing jobs using 'parallel' executor
[1.277s] DEBUG:colcon.colcon_parallel_executor.executor.parallel:run_until_complete
[1.278s] INFO:colcon.colcon_ros.task.ament_cmake.build:Building ROS package in '/home/rafaelbranco/Documentos/ISEP/OmniWatch/simple_car/simple_car' with build type 'ament_cmake'
[1.278s] INFO:colcon.colcon_cmake.task.cmake.build:Building CMake package in '/home/rafaelbranco/Documentos/ISEP/OmniWatch/simple_car/simple_car'
[1.288s] INFO:colcon.colcon_core.plugin_system:Skipping extension 'colcon_core.shell.bat': Not used on non-Windows systems
[1.288s] INFO:colcon.colcon_core.shell:Skip shell extension 'powershell' for command environment: Not usable outside of PowerShell
[1.289s] DEBUG:colcon.colcon_core.shell:Skip shell extension 'dsv' for command environment
[1.333s] DEBUG:colcon.colcon_core.event_handler.log_command:Invoking command in '/home/rafaelbranco/Documentos/ISEP/OmniWatch/simple_car/build/simple_car': CMAKE_PREFIX_PATH=${CMAKE_PREFIX_PATH}:/opt/ros/humble /usr/bin/cmake --build /home/rafaelbranco/Documentos/ISEP/OmniWatch/simple_car/build/simple_car -- -j12 -l12
[1.462s] DEBUG:colcon.colcon_core.event_handler.log_command:Invoked command in '/home/rafaelbranco/Documentos/ISEP/OmniWatch/simple_car/build/simple_car' returned '0': CMAKE_PREFIX_PATH=${CMAKE_PREFIX_PATH}:/opt/ros/humble /usr/bin/cmake --build /home/rafaelbranco/Documentos/ISEP/OmniWatch/simple_car/build/simple_car -- -j12 -l12
[1.501s] DEBUG:colcon.colcon_core.event_handler.log_command:Invoking command in '/home/rafaelbranco/Documentos/ISEP/OmniWatch/simple_car/build/simple_car': CMAKE_PREFIX_PATH=${CMAKE_PREFIX_PATH}:/opt/ros/humble /usr/bin/cmake --install /home/rafaelbranco/Documentos/ISEP/OmniWatch/simple_car/build/simple_car
[1.574s] Level 1:colcon.colcon_core.environment:create_environment_scripts_only(simple_car)
[1.577s] DEBUG:colcon.colcon_core.event_handler.log_command:Invoked command in '/home/rafaelbranco/Documentos/ISEP/OmniWatch/simple_car/build/simple_car' returned '0': CMAKE_PREFIX_PATH=${CMAKE_PREFIX_PATH}:/opt/ros/humble /usr/bin/cmake --install /home/rafaelbranco/Documentos/ISEP/OmniWatch/simple_car/build/simple_car
[1.587s] Level 1:colcon.colcon_core.environment:checking '/home/rafaelbranco/Documentos/ISEP/OmniWatch/simple_car/install/simple_car' for CMake module files
[1.589s] Level 1:colcon.colcon_core.environment:checking '/home/rafaelbranco/Documentos/ISEP/OmniWatch/simple_car/install/simple_car' for CMake config files
[1.590s] Level 1:colcon.colcon_core.shell:create_environment_hook('simple_car', 'cmake_prefix_path')
[1.592s] INFO:colcon.colcon_core.shell:Creating environment hook '/home/rafaelbranco/Documentos/ISEP/OmniWatch/simple_car/install/simple_car/share/simple_car/hook/cmake_prefix_path.ps1'
[1.595s] INFO:colcon.colcon_core.shell:Creating environment descriptor '/home/rafaelbranco/Documentos/ISEP/OmniWatch/simple_car/install/simple_car/share/simple_car/hook/cmake_prefix_path.dsv'
[1.601s] INFO:colcon.colcon_core.shell:Creating environment hook '/home/rafaelbranco/Documentos/ISEP/OmniWatch/simple_car/install/simple_car/share/simple_car/hook/cmake_prefix_path.sh'
[1.605s] Level 1:colcon.colcon_core.environment:checking '/home/rafaelbranco/Documentos/ISEP/OmniWatch/simple_car/install/simple_car/lib'
[1.606s] Level 1:colcon.colcon_core.environment:checking '/home/rafaelbranco/Documentos/ISEP/OmniWatch/simple_car/install/simple_car/bin'
[1.606s] Level 1:colcon.colcon_core.environment:checking '/home/rafaelbranco/Documentos/ISEP/OmniWatch/simple_car/install/simple_car/lib/pkgconfig/simple_car.pc'
[1.613s] Level 1:colcon.colcon_core.environment:checking '/home/rafaelbranco/Documentos/ISEP/OmniWatch/simple_car/install/simple_car/lib/python3.10/site-packages'
[1.614s] Level 1:colcon.colcon_core.environment:checking '/home/rafaelbranco/Documentos/ISEP/OmniWatch/simple_car/install/simple_car/bin'
[1.616s] INFO:colcon.colcon_core.shell:Creating package script '/home/rafaelbranco/Documentos/ISEP/OmniWatch/simple_car/install/simple_car/share/simple_car/package.ps1'
[1.619s] INFO:colcon.colcon_core.shell:Creating package descriptor '/home/rafaelbranco/Documentos/ISEP/OmniWatch/simple_car/install/simple_car/share/simple_car/package.dsv'
[1.621s] INFO:colcon.colcon_core.shell:Creating package script '/home/rafaelbranco/Documentos/ISEP/OmniWatch/simple_car/install/simple_car/share/simple_car/package.sh'
[1.624s] INFO:colcon.colcon_core.shell:Creating package script '/home/rafaelbranco/Documentos/ISEP/OmniWatch/simple_car/install/simple_car/share/simple_car/package.bash'
[1.627s] INFO:colcon.colcon_core.shell:Creating package script '/home/rafaelbranco/Documentos/ISEP/OmniWatch/simple_car/install/simple_car/share/simple_car/package.zsh'
[1.630s] Level 1:colcon.colcon_core.environment:create_file_with_runtime_dependencies(/home/rafaelbranco/Documentos/ISEP/OmniWatch/simple_car/install/simple_car/share/colcon-core/packages/simple_car)
[1.633s] Level 1:colcon.colcon_core.environment:create_environment_scripts_only(simple_car)
[1.634s] Level 1:colcon.colcon_core.environment:checking '/home/rafaelbranco/Documentos/ISEP/OmniWatch/simple_car/install/simple_car' for CMake module files
[1.636s] Level 1:colcon.colcon_core.environment:checking '/home/rafaelbranco/Documentos/ISEP/OmniWatch/simple_car/install/simple_car' for CMake config files
[1.637s] Level 1:colcon.colcon_core.shell:create_environment_hook('simple_car', 'cmake_prefix_path')
[1.638s] INFO:colcon.colcon_core.shell:Creating environment hook '/home/rafaelbranco/Documentos/ISEP/OmniWatch/simple_car/install/simple_car/share/simple_car/hook/cmake_prefix_path.ps1'
[1.640s] INFO:colcon.colcon_core.shell:Creating environment descriptor '/home/rafaelbranco/Documentos/ISEP/OmniWatch/simple_car/install/simple_car/share/simple_car/hook/cmake_prefix_path.dsv'
[1.641s] INFO:colcon.colcon_core.shell:Creating environment hook '/home/rafaelbranco/Documentos/ISEP/OmniWatch/simple_car/install/simple_car/share/simple_car/hook/cmake_prefix_path.sh'
[1.643s] Level 1:colcon.colcon_core.environment:checking '/home/rafaelbranco/Documentos/ISEP/OmniWatch/simple_car/install/simple_car/lib'
[1.644s] Level 1:colcon.colcon_core.environment:checking '/home/rafaelbranco/Documentos/ISEP/OmniWatch/simple_car/install/simple_car/bin'
[1.644s] Level 1:colcon.colcon_core.environment:checking '/home/rafaelbranco/Documentos/ISEP/OmniWatch/simple_car/install/simple_car/lib/pkgconfig/simple_car.pc'
[1.645s] Level 1:colcon.colcon_core.environment:checking '/home/rafaelbranco/Documentos/ISEP/OmniWatch/simple_car/install/simple_car/lib/python3.10/site-packages'
[1.646s] Level 1:colcon.colcon_core.environment:checking '/home/rafaelbranco/Documentos/ISEP/OmniWatch/simple_car/install/simple_car/bin'
[1.647s] INFO:colcon.colcon_core.shell:Creating package script '/home/rafaelbranco/Documentos/ISEP/OmniWatch/simple_car/install/simple_car/share/simple_car/package.ps1'
[1.649s] INFO:colcon.colcon_core.shell:Creating package descriptor '/home/rafaelbranco/Documentos/ISEP/OmniWatch/simple_car/install/simple_car/share/simple_car/package.dsv'
[1.651s] INFO:colcon.colcon_core.shell:Creating package script '/home/rafaelbranco/Documentos/ISEP/OmniWatch/simple_car/install/simple_car/share/simple_car/package.sh'
[1.653s] INFO:colcon.colcon_core.shell:Creating package script '/home/rafaelbranco/Documentos/ISEP/OmniWatch/simple_car/install/simple_car/share/simple_car/package.bash'
[1.655s] INFO:colcon.colcon_core.shell:Creating package script '/home/rafaelbranco/Documentos/ISEP/OmniWatch/simple_car/install/simple_car/share/simple_car/package.zsh'
[1.656s] Level 1:colcon.colcon_core.environment:create_file_with_runtime_dependencies(/home/rafaelbranco/Documentos/ISEP/OmniWatch/simple_car/install/simple_car/share/colcon-core/packages/simple_car)
[1.657s] DEBUG:colcon.colcon_parallel_executor.executor.parallel:closing loop
[1.658s] DEBUG:colcon.colcon_parallel_executor.executor.parallel:loop closed
[1.658s] DEBUG:colcon.colcon_parallel_executor.executor.parallel:run_until_complete finished with '0'
[1.658s] DEBUG:colcon.colcon_core.event_reactor:joining thread
[1.716s] INFO:colcon.colcon_core.plugin_system:Skipping extension 'colcon_notification.desktop_notification.notify_send': Could not find 'notify-send'
[1.716s] INFO:colcon.colcon_core.plugin_system:Skipping extension 'colcon_notification.desktop_notification.terminal_notifier': Not used on non-Darwin systems
[1.716s] INFO:colcon.colcon_core.plugin_system:Skipping extension 'colcon_notification.desktop_notification.win32': Not used on non-Windows systems
[1.717s] INFO:colcon.colcon_notification.desktop_notification:Sending desktop notification using 'notify2'
[1.765s] DEBUG:colcon.colcon_core.event_reactor:joined thread
[1.766s] INFO:colcon.colcon_core.shell:Creating prefix script '/home/rafaelbranco/Documentos/ISEP/OmniWatch/simple_car/install/local_setup.ps1'
[1.769s] INFO:colcon.colcon_core.shell:Creating prefix util module '/home/rafaelbranco/Documentos/ISEP/OmniWatch/simple_car/install/_local_setup_util_ps1.py'
[1.776s] INFO:colcon.colcon_core.shell:Creating prefix chain script '/home/rafaelbranco/Documentos/ISEP/OmniWatch/simple_car/install/setup.ps1'
[1.781s] INFO:colcon.colcon_core.shell:Creating prefix script '/home/rafaelbranco/Documentos/ISEP/OmniWatch/simple_car/install/local_setup.sh'
[1.783s] INFO:colcon.colcon_core.shell:Creating prefix util module '/home/rafaelbranco/Documentos/ISEP/OmniWatch/simple_car/install/_local_setup_util_sh.py'
[1.786s] INFO:colcon.colcon_core.shell:Creating prefix chain script '/home/rafaelbranco/Documentos/ISEP/OmniWatch/simple_car/install/setup.sh'
[1.791s] INFO:colcon.colcon_core.shell:Creating prefix script '/home/rafaelbranco/Documentos/ISEP/OmniWatch/simple_car/install/local_setup.bash'
[1.793s] INFO:colcon.colcon_core.shell:Creating prefix chain script '/home/rafaelbranco/Documentos/ISEP/OmniWatch/simple_car/install/setup.bash'
[1.799s] INFO:colcon.colcon_core.shell:Creating prefix script '/home/rafaelbranco/Documentos/ISEP/OmniWatch/simple_car/install/local_setup.zsh'
[1.801s] INFO:colcon.colcon_core.shell:Creating prefix chain script '/home/rafaelbranco/Documentos/ISEP/OmniWatch/simple_car/install/setup.zsh'
