running egg_info
creating ../build/ros2_ws/ros2_ws.egg-info
writing ../build/ros2_ws/ros2_ws.egg-info/PKG-INFO
writing dependency_links to ../build/ros2_ws/ros2_ws.egg-info/dependency_links.txt
writing entry points to ../build/ros2_ws/ros2_ws.egg-info/entry_points.txt
writing requirements to ../build/ros2_ws/ros2_ws.egg-info/requires.txt
writing top-level names to ../build/ros2_ws/ros2_ws.egg-info/top_level.txt
writing manifest file '../build/ros2_ws/ros2_ws.egg-info/SOURCES.txt'
reading manifest file '../build/ros2_ws/ros2_ws.egg-info/SOURCES.txt'
writing manifest file '../build/ros2_ws/ros2_ws.egg-info/SOURCES.txt'
running build
running build_py
creating /home/rafaelbranco/Documentos/ISEP/OmniWatch/build/ros2_ws/build
creating /home/rafaelbranco/Documentos/ISEP/OmniWatch/build/ros2_ws/build/lib
creating /home/rafaelbranco/Documentos/ISEP/OmniWatch/build/ros2_ws/build/lib/ros2_ws
copying ros2_ws/__init__.py -> /home/rafaelbranco/Documentos/ISEP/OmniWatch/build/ros2_ws/build/lib/ros2_ws
copying ros2_ws/sensor_manager.py -> /home/rafaelbranco/Documentos/ISEP/OmniWatch/build/ros2_ws/build/lib/ros2_ws
running install
running install_lib
creating /home/rafaelbranco/Documentos/ISEP/OmniWatch/install/ros2_ws/lib/python3.10/site-packages/ros2_ws
copying /home/rafaelbranco/Documentos/ISEP/OmniWatch/build/ros2_ws/build/lib/ros2_ws/__init__.py -> /home/rafaelbranco/Documentos/ISEP/OmniWatch/install/ros2_ws/lib/python3.10/site-packages/ros2_ws
copying /home/rafaelbranco/Documentos/ISEP/OmniWatch/build/ros2_ws/build/lib/ros2_ws/sensor_manager.py -> /home/rafaelbranco/Documentos/ISEP/OmniWatch/install/ros2_ws/lib/python3.10/site-packages/ros2_ws
byte-compiling /home/rafaelbranco/Documentos/ISEP/OmniWatch/install/ros2_ws/lib/python3.10/site-packages/ros2_ws/__init__.py to __init__.cpython-310.pyc
byte-compiling /home/rafaelbranco/Documentos/ISEP/OmniWatch/install/ros2_ws/lib/python3.10/site-packages/ros2_ws/sensor_manager.py to sensor_manager.cpython-310.pyc
running install_data
creating /home/rafaelbranco/Documentos/ISEP/OmniWatch/install/ros2_ws/share/ament_index
creating /home/rafaelbranco/Documentos/ISEP/OmniWatch/install/ros2_ws/share/ament_index/resource_index
creating /home/rafaelbranco/Documentos/ISEP/OmniWatch/install/ros2_ws/share/ament_index/resource_index/packages
copying resource/ros2_ws -> /home/rafaelbranco/Documentos/ISEP/OmniWatch/install/ros2_ws/share/ament_index/resource_index/packages
copying package.xml -> /home/rafaelbranco/Documentos/ISEP/OmniWatch/install/ros2_ws/share/ros2_ws
running install_egg_info
Copying ../build/ros2_ws/ros2_ws.egg-info to /home/rafaelbranco/Documentos/ISEP/OmniWatch/install/ros2_ws/lib/python3.10/site-packages/ros2_ws-0.0.0-py3.10.egg-info
running install_scripts
Installing sensor_manager script to /home/rafaelbranco/Documentos/ISEP/OmniWatch/install/ros2_ws/lib/ros2_ws
writing list of installed files to '/home/rafaelbranco/Documentos/ISEP/OmniWatch/build/ros2_ws/install.log'
