[0.600s] Invoking command in '/home/rafaelbranco/Documentos/ISEP/OmniWatch/ros2_ws': PYTHONPATH=/home/rafaelbranco/Documentos/ISEP/OmniWatch/build/ros2_ws/prefix_override:/usr/lib/python3/dist-packages/colcon_core/task/python/colcon_distutils_commands:/home/rafaelbranco/Documentos/ISEP/OmniWatch/install/ros2_ws/lib/python3.10/site-packages:${PYTHONPATH} /usr/bin/python3 -W ignore:setup.py install is deprecated -W ignore:easy_install command is deprecated setup.py egg_info --egg-base ../build/ros2_ws build --build-base /home/rafaelbranco/Documentos/ISEP/OmniWatch/build/ros2_ws/build install --record /home/rafaelbranco/Documentos/ISEP/OmniWatch/build/ros2_ws/install.log --single-version-externally-managed install_data
[0.876s] running egg_info
[0.877s] creating ../build/ros2_ws/ros2_ws.egg-info
[0.877s] writing ../build/ros2_ws/ros2_ws.egg-info/PKG-INFO
[0.877s] writing dependency_links to ../build/ros2_ws/ros2_ws.egg-info/dependency_links.txt
[0.877s] writing entry points to ../build/ros2_ws/ros2_ws.egg-info/entry_points.txt
[0.877s] writing requirements to ../build/ros2_ws/ros2_ws.egg-info/requires.txt
[0.878s] writing top-level names to ../build/ros2_ws/ros2_ws.egg-info/top_level.txt
[0.878s] writing manifest file '../build/ros2_ws/ros2_ws.egg-info/SOURCES.txt'
[0.879s] reading manifest file '../build/ros2_ws/ros2_ws.egg-info/SOURCES.txt'
[0.879s] writing manifest file '../build/ros2_ws/ros2_ws.egg-info/SOURCES.txt'
[0.879s] running build
[0.880s] running build_py
[0.880s] creating /home/rafaelbranco/Documentos/ISEP/OmniWatch/build/ros2_ws/build
[0.880s] creating /home/rafaelbranco/Documentos/ISEP/OmniWatch/build/ros2_ws/build/lib
[0.880s] creating /home/rafaelbranco/Documentos/ISEP/OmniWatch/build/ros2_ws/build/lib/ros2_ws
[0.880s] copying ros2_ws/__init__.py -> /home/rafaelbranco/Documentos/ISEP/OmniWatch/build/ros2_ws/build/lib/ros2_ws
[0.880s] copying ros2_ws/sensor_manager.py -> /home/rafaelbranco/Documentos/ISEP/OmniWatch/build/ros2_ws/build/lib/ros2_ws
[0.880s] running install
[0.880s] running install_lib
[0.881s] creating /home/rafaelbranco/Documentos/ISEP/OmniWatch/install/ros2_ws/lib/python3.10/site-packages/ros2_ws
[0.881s] copying /home/rafaelbranco/Documentos/ISEP/OmniWatch/build/ros2_ws/build/lib/ros2_ws/__init__.py -> /home/rafaelbranco/Documentos/ISEP/OmniWatch/install/ros2_ws/lib/python3.10/site-packages/ros2_ws
[0.881s] copying /home/rafaelbranco/Documentos/ISEP/OmniWatch/build/ros2_ws/build/lib/ros2_ws/sensor_manager.py -> /home/rafaelbranco/Documentos/ISEP/OmniWatch/install/ros2_ws/lib/python3.10/site-packages/ros2_ws
[0.881s] byte-compiling /home/rafaelbranco/Documentos/ISEP/OmniWatch/install/ros2_ws/lib/python3.10/site-packages/ros2_ws/__init__.py to __init__.cpython-310.pyc
[0.882s] byte-compiling /home/rafaelbranco/Documentos/ISEP/OmniWatch/install/ros2_ws/lib/python3.10/site-packages/ros2_ws/sensor_manager.py to sensor_manager.cpython-310.pyc
[0.882s] running install_data
[0.882s] creating /home/rafaelbranco/Documentos/ISEP/OmniWatch/install/ros2_ws/share/ament_index
[0.882s] creating /home/rafaelbranco/Documentos/ISEP/OmniWatch/install/ros2_ws/share/ament_index/resource_index
[0.882s] creating /home/rafaelbranco/Documentos/ISEP/OmniWatch/install/ros2_ws/share/ament_index/resource_index/packages
[0.882s] copying resource/ros2_ws -> /home/rafaelbranco/Documentos/ISEP/OmniWatch/install/ros2_ws/share/ament_index/resource_index/packages
[0.882s] copying package.xml -> /home/rafaelbranco/Documentos/ISEP/OmniWatch/install/ros2_ws/share/ros2_ws
[0.883s] running install_egg_info
[0.884s] Copying ../build/ros2_ws/ros2_ws.egg-info to /home/rafaelbranco/Documentos/ISEP/OmniWatch/install/ros2_ws/lib/python3.10/site-packages/ros2_ws-0.0.0-py3.10.egg-info
[0.885s] running install_scripts
[0.902s] Installing sensor_manager script to /home/rafaelbranco/Documentos/ISEP/OmniWatch/install/ros2_ws/lib/ros2_ws
[0.902s] writing list of installed files to '/home/rafaelbranco/Documentos/ISEP/OmniWatch/build/ros2_ws/install.log'
[0.924s] Invoked command in '/home/rafaelbranco/Documentos/ISEP/OmniWatch/ros2_ws' returned '0': PYTHONPATH=/home/rafaelbranco/Documentos/ISEP/OmniWatch/build/ros2_ws/prefix_override:/usr/lib/python3/dist-packages/colcon_core/task/python/colcon_distutils_commands:/home/rafaelbranco/Documentos/ISEP/OmniWatch/install/ros2_ws/lib/python3.10/site-packages:${PYTHONPATH} /usr/bin/python3 -W ignore:setup.py install is deprecated -W ignore:easy_install command is deprecated setup.py egg_info --egg-base ../build/ros2_ws build --build-base /home/rafaelbranco/Documentos/ISEP/OmniWatch/build/ros2_ws/build install --record /home/rafaelbranco/Documentos/ISEP/OmniWatch/build/ros2_ws/install.log --single-version-externally-managed install_data
