[0.216s] Invoking command in '/home/rafaelbranco/Documentos/ISEP/OmniWatch/build/simple_car': CMAKE_PREFIX_PATH=${CMAKE_PREFIX_PATH}:/opt/ros/humble /usr/bin/cmake /home/rafaelbranco/Documentos/ISEP/OmniWatch/simple_car/simple_car -DCMAKE_INSTALL_PREFIX=/home/rafaelbranco/Documentos/ISEP/OmniWatch/install/simple_car
[0.344s] -- The C compiler identification is GNU 11.4.0
[0.407s] -- The CXX compiler identification is GNU 11.4.0
[0.416s] -- Detecting C compiler ABI info
[0.469s] -- Detecting C compiler ABI info - done
[0.477s] -- Check for working C compiler: /usr/bin/cc - skipped
[0.477s] -- Detecting C compile features
[0.478s] -- Detecting C compile features - done
[0.482s] -- Detecting CXX compiler ABI info
[0.546s] -- Detecting CXX compiler ABI info - done
[0.558s] -- Check for working CXX compiler: /usr/bin/c++ - skipped
[0.558s] -- Detecting CXX compile features
[0.559s] -- Detecting CXX compile features - done
[0.568s] -- Found ament_cmake: 1.3.11 (/opt/ros/humble/share/ament_cmake/cmake)
[0.742s] -- Found Python3: /usr/bin/python3 (found version "3.10.12") found components: Interpreter 
[0.873s] -- Found rclpy: 3.3.16 (/opt/ros/humble/share/rclpy/cmake)
[0.930s] -- Configuring done
[0.932s] -- Generating done
[0.934s] -- Build files have been written to: /home/rafaelbranco/Documentos/ISEP/OmniWatch/build/simple_car
[0.937s] Invoked command in '/home/rafaelbranco/Documentos/ISEP/OmniWatch/build/simple_car' returned '0': CMAKE_PREFIX_PATH=${CMAKE_PREFIX_PATH}:/opt/ros/humble /usr/bin/cmake /home/rafaelbranco/Documentos/ISEP/OmniWatch/simple_car/simple_car -DCMAKE_INSTALL_PREFIX=/home/rafaelbranco/Documentos/ISEP/OmniWatch/install/simple_car
[0.939s] Invoking command in '/home/rafaelbranco/Documentos/ISEP/OmniWatch/build/simple_car': CMAKE_PREFIX_PATH=${CMAKE_PREFIX_PATH}:/opt/ros/humble /usr/bin/cmake --build /home/rafaelbranco/Documentos/ISEP/OmniWatch/build/simple_car -- -j12 -l12
[0.967s] Invoked command in '/home/rafaelbranco/Documentos/ISEP/OmniWatch/build/simple_car' returned '0': CMAKE_PREFIX_PATH=${CMAKE_PREFIX_PATH}:/opt/ros/humble /usr/bin/cmake --build /home/rafaelbranco/Documentos/ISEP/OmniWatch/build/simple_car -- -j12 -l12
[0.975s] Invoking command in '/home/rafaelbranco/Documentos/ISEP/OmniWatch/build/simple_car': CMAKE_PREFIX_PATH=${CMAKE_PREFIX_PATH}:/opt/ros/humble /usr/bin/cmake --install /home/rafaelbranco/Documentos/ISEP/OmniWatch/build/simple_car
[0.981s] -- Install configuration: ""
[0.981s] -- Installing: /home/rafaelbranco/Documentos/ISEP/OmniWatch/install/simple_car/lib/simple_car/car_controller
[0.981s] -- Installing: /home/rafaelbranco/Documentos/ISEP/OmniWatch/install/simple_car/lib/simple_car/waypoint_follower
[0.981s] -- Installing: /home/rafaelbranco/Documentos/ISEP/OmniWatch/install/simple_car/share/simple_car/launch
[0.981s] -- Installing: /home/rafaelbranco/Documentos/ISEP/OmniWatch/install/simple_car/share/simple_car/launch/spawn_car.launch.py
[0.981s] -- Installing: /home/rafaelbranco/Documentos/ISEP/OmniWatch/install/simple_car/share/simple_car/models
[0.981s] -- Installing: /home/rafaelbranco/Documentos/ISEP/OmniWatch/install/simple_car/share/simple_car/models/simple_car
[0.981s] -- Installing: /home/rafaelbranco/Documentos/ISEP/OmniWatch/install/simple_car/share/simple_car/models/simple_car/model.config
[0.981s] -- Installing: /home/rafaelbranco/Documentos/ISEP/OmniWatch/install/simple_car/share/simple_car/models/simple_car/model.sdf
[0.981s] -- Installing: /home/rafaelbranco/Documentos/ISEP/OmniWatch/install/simple_car/share/ament_index/resource_index/package_run_dependencies/simple_car
[0.981s] -- Installing: /home/rafaelbranco/Documentos/ISEP/OmniWatch/install/simple_car/share/ament_index/resource_index/parent_prefix_path/simple_car
[0.982s] -- Installing: /home/rafaelbranco/Documentos/ISEP/OmniWatch/install/simple_car/share/simple_car/environment/ament_prefix_path.sh
[0.982s] -- Installing: /home/rafaelbranco/Documentos/ISEP/OmniWatch/install/simple_car/share/simple_car/environment/ament_prefix_path.dsv
[0.982s] -- Installing: /home/rafaelbranco/Documentos/ISEP/OmniWatch/install/simple_car/share/simple_car/environment/path.sh
[0.982s] -- Installing: /home/rafaelbranco/Documentos/ISEP/OmniWatch/install/simple_car/share/simple_car/environment/path.dsv
[0.982s] -- Installing: /home/rafaelbranco/Documentos/ISEP/OmniWatch/install/simple_car/share/simple_car/local_setup.bash
[0.982s] -- Installing: /home/rafaelbranco/Documentos/ISEP/OmniWatch/install/simple_car/share/simple_car/local_setup.sh
[0.982s] -- Installing: /home/rafaelbranco/Documentos/ISEP/OmniWatch/install/simple_car/share/simple_car/local_setup.zsh
[0.982s] -- Installing: /home/rafaelbranco/Documentos/ISEP/OmniWatch/install/simple_car/share/simple_car/local_setup.dsv
[0.982s] -- Installing: /home/rafaelbranco/Documentos/ISEP/OmniWatch/install/simple_car/share/simple_car/package.dsv
[0.983s] -- Installing: /home/rafaelbranco/Documentos/ISEP/OmniWatch/install/simple_car/share/ament_index/resource_index/packages/simple_car
[0.983s] -- Installing: /home/rafaelbranco/Documentos/ISEP/OmniWatch/install/simple_car/share/simple_car/cmake/simple_carConfig.cmake
[0.983s] -- Installing: /home/rafaelbranco/Documentos/ISEP/OmniWatch/install/simple_car/share/simple_car/cmake/simple_carConfig-version.cmake
[0.983s] -- Installing: /home/rafaelbranco/Documentos/ISEP/OmniWatch/install/simple_car/share/simple_car/package.xml
[0.984s] Invoked command in '/home/rafaelbranco/Documentos/ISEP/OmniWatch/build/simple_car' returned '0': CMAKE_PREFIX_PATH=${CMAKE_PREFIX_PATH}:/opt/ros/humble /usr/bin/cmake --install /home/rafaelbranco/Documentos/ISEP/OmniWatch/build/simple_car
