[0.053s] Invoking command in '/home/rafaelbranco/Documentos/ISEP/OmniWatch/build/prius_gazebo_sim': CMAKE_PREFIX_PATH=${CMAKE_PREFIX_PATH}:/opt/ros/humble /usr/bin/cmake /home/rafaelbranco/Documentos/ISEP/OmniWatch/simple_car/prius_gazebo_sim -DCMAKE_INSTALL_PREFIX=/home/rafaelbranco/Documentos/ISEP/OmniWatch/install/prius_gazebo_sim
[0.277s] -- The C compiler identification is GNU 11.4.0
[0.524s] -- The CXX compiler identification is GNU 11.4.0
[0.559s] -- Detecting C compiler ABI info
[0.853s] -- Detecting C compiler ABI info - done
[0.894s] -- Check for working C compiler: /usr/bin/cc - skipped
[0.896s] -- Detecting C compile features
[0.897s] -- Detecting C compile features - done
[0.913s] -- Detecting CXX compiler ABI info
[1.254s] -- Detecting CXX compiler ABI info - done
[1.300s] -- Check for working CXX compiler: /usr/bin/c++ - skipped
[1.301s] -- Detecting CXX compile features
[1.303s] -- Detecting CXX compile features - done
[1.319s] -- Found ament_cmake: 1.3.11 (/opt/ros/humble/share/ament_cmake/cmake)
[2.043s] -- Found Python3: /usr/bin/python3 (found version "3.10.12") found components: Interpreter 
[2.571s] -- Found gazebo_ros: 3.9.0 (/opt/ros/humble/share/gazebo_ros/cmake)
[2.844s] -- Found rosidl_generator_c: 3.1.6 (/opt/ros/humble/share/rosidl_generator_c/cmake)
[2.878s] -- Found rosidl_adapter: 3.1.6 (/opt/ros/humble/share/rosidl_adapter/cmake)
[2.927s] -- Found rosidl_generator_cpp: 3.1.6 (/opt/ros/humble/share/rosidl_generator_cpp/cmake)
[2.999s] -- Using all available rosidl_typesupport_c: rosidl_typesupport_fastrtps_c;rosidl_typesupport_introspection_c
[3.092s] -- Using all available rosidl_typesupport_cpp: rosidl_typesupport_fastrtps_cpp;rosidl_typesupport_introspection_cpp
[3.385s] -- Found rmw_implementation_cmake: 6.1.2 (/opt/ros/humble/share/rmw_implementation_cmake/cmake)
[3.405s] -- Found rmw_fastrtps_cpp: 6.2.7 (/opt/ros/humble/share/rmw_fastrtps_cpp/cmake)
[3.894s] -- Found OpenSSL: /usr/lib/x86_64-linux-gnu/libcrypto.so (found version "3.0.2")  
[4.041s] -- Found FastRTPS: /opt/ros/humble/include  
[4.279s] -- Using RMW implementation 'rmw_fastrtps_cpp' as default
[4.333s] -- Looking for pthread.h
[4.633s] -- Looking for pthread.h - found
[4.634s] -- Performing Test CMAKE_HAVE_LIBC_PTHREAD
[4.981s] -- Performing Test CMAKE_HAVE_LIBC_PTHREAD - Success
[4.985s] -- Found Threads: TRUE  
[5.353s] -- Found PkgConfig: /usr/bin/pkg-config (found version "0.29.2") 
[5.358s] -- Checking for module 'bullet>=2.82'
[5.421s] --   Found bullet, version 3.05
[5.946s] -- Found fcl: /usr/include (found suitable version "0.7.0", minimum required is "0.5.0") 
[6.142s] -- Found assimp: /usr/include (found version "5.2.0") 
[6.268s] -- Found DART: /usr/include (Required is at least version "6.6") found components: dart 
[6.465s] -- Found Boost: /usr/lib/x86_64-linux-gnu/cmake/Boost-1.74.0/BoostConfig.cmake (found suitable version "1.74.0", minimum required is "1.40.0") found components: thread system filesystem program_options regex iostreams date_time 
[6.521s] -- Found Protobuf: /usr/lib/x86_64-linux-gnu/libprotobuf.so (found version "3.12.4") 
[6.560s] -- Looking for ignition-math6 -- found version 6.15.1
[6.595s] -- Searching for dependencies of ignition-math6
[6.601s] -- Looking for OGRE...
[6.604s] -- OGRE_PREFIX_WATCH changed.
[6.626s] -- Checking for module 'OGRE'
[6.675s] --   Found OGRE, version 1.9.0
[6.807s] -- Found Ogre Ghadamon (1.9.0)
[6.836s] -- Found OGRE: optimized;/usr/lib/x86_64-linux-gnu/libOgreMain.so;debug;/usr/lib/x86_64-linux-gnu/libOgreMain.so
[6.885s] -- Looking for OGRE_Paging...
[6.904s] -- Found OGRE_Paging: optimized;/usr/lib/x86_64-linux-gnu/libOgrePaging.so;debug;/usr/lib/x86_64-linux-gnu/libOgrePaging.so
[6.904s] -- Looking for OGRE_Terrain...
[6.927s] -- Found OGRE_Terrain: optimized;/usr/lib/x86_64-linux-gnu/libOgreTerrain.so;debug;/usr/lib/x86_64-linux-gnu/libOgreTerrain.so
[6.927s] -- Looking for OGRE_Property...
[6.948s] -- Found OGRE_Property: optimized;/usr/lib/x86_64-linux-gnu/libOgreProperty.so;debug;/usr/lib/x86_64-linux-gnu/libOgreProperty.so
[6.948s] -- Looking for OGRE_RTShaderSystem...
[6.968s] -- Found OGRE_RTShaderSystem: optimized;/usr/lib/x86_64-linux-gnu/libOgreRTShaderSystem.so;debug;/usr/lib/x86_64-linux-gnu/libOgreRTShaderSystem.so
[6.968s] -- Looking for OGRE_Volume...
[6.989s] -- Found OGRE_Volume: optimized;/usr/lib/x86_64-linux-gnu/libOgreVolume.so;debug;/usr/lib/x86_64-linux-gnu/libOgreVolume.so
[6.989s] -- Looking for OGRE_Overlay...
[7.009s] -- Found OGRE_Overlay: optimized;/usr/lib/x86_64-linux-gnu/libOgreOverlay.so;debug;/usr/lib/x86_64-linux-gnu/libOgreOverlay.so
[7.455s] -- Looking for ignition-math6 -- found version 6.15.1
[7.469s] -- Looking for ignition-transport8 -- found version 8.2.1
[7.472s] -- Searching for dependencies of ignition-transport8
[7.569s] -- Found Protobuf: /usr/lib/x86_64-linux-gnu/libprotobuf.so (found suitable version "3.12.4", minimum required is "3") 
[7.640s] -- Config-file not installed for ZeroMQ -- checking for pkg-config
[7.660s] -- Checking for module 'libzmq >= 4'
[7.711s] --   Found libzmq , version 4.3.4
[7.865s] -- Found ZeroMQ: TRUE (Required is at least version "4") 
[7.890s] -- Checking for module 'uuid'
[7.943s] --   Found uuid, version 2.37.2
[8.084s] -- Found UUID: TRUE  
[8.103s] -- Looking for ignition-msgs5 -- found version 5.8.1
[8.105s] -- Searching for dependencies of ignition-msgs5
[8.226s] -- Looking for ignition-math6 -- found version 6.15.1
[8.250s] -- Checking for module 'tinyxml2'
[8.308s] --   Found tinyxml2, version 9.0.0
[8.458s] -- Looking for ignition-msgs5 -- found version 5.8.1
[8.476s] -- Looking for ignition-common3 -- found version 3.14.0
[8.479s] -- Searching for dependencies of ignition-common3
[8.481s] -- Looking for dlfcn.h - found
[8.483s] -- Looking for libdl - found
[8.491s] -- Found DL: TRUE  
[8.543s] -- Found tinyobjloader: /usr/lib/x86_64-linux-gnu/cmake/tinyobjloader/tinyobjloader-config.cmake (found version "2.0.0") 
[8.546s] -- Searching for <ignition-common3> component [graphics]
[8.562s] -- Looking for ignition-common3-graphics -- found version 3.14.0
[8.564s] -- Searching for dependencies of ignition-common3-graphics
[8.566s] -- Looking for ignition-math6 -- found version 6.15.1
[8.585s] -- Looking for ignition-fuel_tools4 -- found version 4.4.0
[8.589s] -- Searching for dependencies of ignition-fuel_tools4
[8.929s] -- Found CURL: /usr/lib/x86_64-linux-gnu/libcurl.so (found version "7.81.0")  
[8.969s] -- Checking for module 'jsoncpp'
[9.021s] --   Found jsoncpp, version 1.9.5
[9.157s] -- Found JSONCPP: TRUE  
[9.182s] -- Checking for module 'libzip'
[9.233s] --   Found libzip, version 1.7.3
[9.367s] -- Found ZIP: TRUE  
[9.369s] -- Looking for ignition-common3 -- found version 3.14.0
[9.372s] -- Looking for ignition-math6 -- found version 6.15.1
[9.375s] -- Looking for ignition-msgs5 -- found version 5.8.1
[9.395s] -- Gazebo version: 11.10
[9.396s] -- Checking for module 'tbb'
[9.452s] --   Found tbb, version 2021.5.0
[9.890s] -- Configuring done
[9.917s] -- Generating done
[9.932s] -- Build files have been written to: /home/rafaelbranco/Documentos/ISEP/OmniWatch/build/prius_gazebo_sim
[9.974s] Invoked command in '/home/rafaelbranco/Documentos/ISEP/OmniWatch/build/prius_gazebo_sim' returned '0': CMAKE_PREFIX_PATH=${CMAKE_PREFIX_PATH}:/opt/ros/humble /usr/bin/cmake /home/rafaelbranco/Documentos/ISEP/OmniWatch/simple_car/prius_gazebo_sim -DCMAKE_INSTALL_PREFIX=/home/rafaelbranco/Documentos/ISEP/OmniWatch/install/prius_gazebo_sim
[9.987s] Invoking command in '/home/rafaelbranco/Documentos/ISEP/OmniWatch/build/prius_gazebo_sim': CMAKE_PREFIX_PATH=${CMAKE_PREFIX_PATH}:/opt/ros/humble /usr/bin/cmake --build /home/rafaelbranco/Documentos/ISEP/OmniWatch/build/prius_gazebo_sim -- -j12 -l12
[10.162s] Invoked command in '/home/rafaelbranco/Documentos/ISEP/OmniWatch/build/prius_gazebo_sim' returned '0': CMAKE_PREFIX_PATH=${CMAKE_PREFIX_PATH}:/opt/ros/humble /usr/bin/cmake --build /home/rafaelbranco/Documentos/ISEP/OmniWatch/build/prius_gazebo_sim -- -j12 -l12
[10.200s] Invoking command in '/home/rafaelbranco/Documentos/ISEP/OmniWatch/build/prius_gazebo_sim': CMAKE_PREFIX_PATH=${CMAKE_PREFIX_PATH}:/opt/ros/humble /usr/bin/cmake --install /home/rafaelbranco/Documentos/ISEP/OmniWatch/build/prius_gazebo_sim
[10.228s] -- Install configuration: ""
[10.229s] -- Installing: /home/rafaelbranco/Documentos/ISEP/OmniWatch/install/prius_gazebo_sim/share/prius_gazebo_sim/launch
[10.229s] -- Installing: /home/rafaelbranco/Documentos/ISEP/OmniWatch/install/prius_gazebo_sim/share/prius_gazebo_sim/launch/spawn_prius.launch.py
[10.230s] -- Installing: /home/rafaelbranco/Documentos/ISEP/OmniWatch/install/prius_gazebo_sim/share/ament_index/resource_index/package_run_dependencies/prius_gazebo_sim
[10.231s] -- Installing: /home/rafaelbranco/Documentos/ISEP/OmniWatch/install/prius_gazebo_sim/share/ament_index/resource_index/parent_prefix_path/prius_gazebo_sim
[10.232s] -- Installing: /home/rafaelbranco/Documentos/ISEP/OmniWatch/install/prius_gazebo_sim/share/prius_gazebo_sim/environment/ament_prefix_path.sh
[10.232s] -- Installing: /home/rafaelbranco/Documentos/ISEP/OmniWatch/install/prius_gazebo_sim/share/prius_gazebo_sim/environment/ament_prefix_path.dsv
[10.233s] -- Installing: /home/rafaelbranco/Documentos/ISEP/OmniWatch/install/prius_gazebo_sim/share/prius_gazebo_sim/environment/path.sh
[10.234s] -- Installing: /home/rafaelbranco/Documentos/ISEP/OmniWatch/install/prius_gazebo_sim/share/prius_gazebo_sim/environment/path.dsv
[10.235s] -- Installing: /home/rafaelbranco/Documentos/ISEP/OmniWatch/install/prius_gazebo_sim/share/prius_gazebo_sim/local_setup.bash
[10.236s] -- Installing: /home/rafaelbranco/Documentos/ISEP/OmniWatch/install/prius_gazebo_sim/share/prius_gazebo_sim/local_setup.sh
[10.237s] -- Installing: /home/rafaelbranco/Documentos/ISEP/OmniWatch/install/prius_gazebo_sim/share/prius_gazebo_sim/local_setup.zsh
[10.237s] -- Installing: /home/rafaelbranco/Documentos/ISEP/OmniWatch/install/prius_gazebo_sim/share/prius_gazebo_sim/local_setup.dsv
[10.238s] -- Installing: /home/rafaelbranco/Documentos/ISEP/OmniWatch/install/prius_gazebo_sim/share/prius_gazebo_sim/package.dsv
[10.239s] -- Installing: /home/rafaelbranco/Documentos/ISEP/OmniWatch/install/prius_gazebo_sim/share/ament_index/resource_index/packages/prius_gazebo_sim
[10.240s] -- Installing: /home/rafaelbranco/Documentos/ISEP/OmniWatch/install/prius_gazebo_sim/share/prius_gazebo_sim/cmake/prius_gazebo_simConfig.cmake
[10.240s] -- Installing: /home/rafaelbranco/Documentos/ISEP/OmniWatch/install/prius_gazebo_sim/share/prius_gazebo_sim/cmake/prius_gazebo_simConfig-version.cmake
[10.241s] -- Installing: /home/rafaelbranco/Documentos/ISEP/OmniWatch/install/prius_gazebo_sim/share/prius_gazebo_sim/package.xml
[10.247s] Invoked command in '/home/rafaelbranco/Documentos/ISEP/OmniWatch/build/prius_gazebo_sim' returned '0': CMAKE_PREFIX_PATH=${CMAKE_PREFIX_PATH}:/opt/ros/humble /usr/bin/cmake --install /home/rafaelbranco/Documentos/ISEP/OmniWatch/build/prius_gazebo_sim
