[0.060s] Invoking command in '/home/rafaelbranco/Documentos/ISEP/OmniWatch/build/prius_gazebo_sim': CMAKE_PREFIX_PATH=${CMAKE_PREFIX_PATH}:/opt/ros/humble /usr/bin/cmake --build /home/rafaelbranco/Documentos/ISEP/OmniWatch/build/prius_gazebo_sim -- -j12 -l12
[0.244s] Invoked command in '/home/rafaelbranco/Documentos/ISEP/OmniWatch/build/prius_gazebo_sim' returned '0': CMAKE_PREFIX_PATH=${CMAKE_PREFIX_PATH}:/opt/ros/humble /usr/bin/cmake --build /home/rafaelbranco/Documentos/ISEP/OmniWatch/build/prius_gazebo_sim -- -j12 -l12
[0.282s] Invoking command in '/home/rafaelbranco/Documentos/ISEP/OmniWatch/build/prius_gazebo_sim': CMAKE_PREFIX_PATH=${CMAKE_PREFIX_PATH}:/opt/ros/humble /usr/bin/cmake --install /home/rafaelbranco/Documentos/ISEP/OmniWatch/build/prius_gazebo_sim
[0.310s] -- Install configuration: ""
[0.311s] -- Up-to-date: /home/rafaelbranco/Documentos/ISEP/OmniWatch/install/prius_gazebo_sim/share/prius_gazebo_sim/launch
[0.312s] -- Up-to-date: /home/rafaelbranco/Documentos/ISEP/OmniWatch/install/prius_gazebo_sim/share/prius_gazebo_sim/launch/spawn_prius.launch.py
[0.312s] -- Up-to-date: /home/rafaelbranco/Documentos/ISEP/OmniWatch/install/prius_gazebo_sim/share/ament_index/resource_index/package_run_dependencies/prius_gazebo_sim
[0.313s] -- Up-to-date: /home/rafaelbranco/Documentos/ISEP/OmniWatch/install/prius_gazebo_sim/share/ament_index/resource_index/parent_prefix_path/prius_gazebo_sim
[0.313s] -- Up-to-date: /home/rafaelbranco/Documentos/ISEP/OmniWatch/install/prius_gazebo_sim/share/prius_gazebo_sim/environment/ament_prefix_path.sh
[0.314s] -- Up-to-date: /home/rafaelbranco/Documentos/ISEP/OmniWatch/install/prius_gazebo_sim/share/prius_gazebo_sim/environment/ament_prefix_path.dsv
[0.315s] -- Up-to-date: /home/rafaelbranco/Documentos/ISEP/OmniWatch/install/prius_gazebo_sim/share/prius_gazebo_sim/environment/path.sh
[0.315s] -- Up-to-date: /home/rafaelbranco/Documentos/ISEP/OmniWatch/install/prius_gazebo_sim/share/prius_gazebo_sim/environment/path.dsv
[0.316s] -- Up-to-date: /home/rafaelbranco/Documentos/ISEP/OmniWatch/install/prius_gazebo_sim/share/prius_gazebo_sim/local_setup.bash
[0.316s] -- Up-to-date: /home/rafaelbranco/Documentos/ISEP/OmniWatch/install/prius_gazebo_sim/share/prius_gazebo_sim/local_setup.sh
[0.317s] -- Up-to-date: /home/rafaelbranco/Documentos/ISEP/OmniWatch/install/prius_gazebo_sim/share/prius_gazebo_sim/local_setup.zsh
[0.317s] -- Up-to-date: /home/rafaelbranco/Documentos/ISEP/OmniWatch/install/prius_gazebo_sim/share/prius_gazebo_sim/local_setup.dsv
[0.317s] -- Up-to-date: /home/rafaelbranco/Documentos/ISEP/OmniWatch/install/prius_gazebo_sim/share/prius_gazebo_sim/package.dsv
[0.319s] -- Up-to-date: /home/rafaelbranco/Documentos/ISEP/OmniWatch/install/prius_gazebo_sim/share/ament_index/resource_index/packages/prius_gazebo_sim
[0.320s] -- Up-to-date: /home/rafaelbranco/Documentos/ISEP/OmniWatch/install/prius_gazebo_sim/share/prius_gazebo_sim/cmake/prius_gazebo_simConfig.cmake
[0.321s] -- Up-to-date: /home/rafaelbranco/Documentos/ISEP/OmniWatch/install/prius_gazebo_sim/share/prius_gazebo_sim/cmake/prius_gazebo_simConfig-version.cmake
[0.323s] -- Up-to-date: /home/rafaelbranco/Documentos/ISEP/OmniWatch/install/prius_gazebo_sim/share/prius_gazebo_sim/package.xml
[0.325s] Invoked command in '/home/rafaelbranco/Documentos/ISEP/OmniWatch/build/prius_gazebo_sim' returned '0': CMAKE_PREFIX_PATH=${CMAKE_PREFIX_PATH}:/opt/ros/humble /usr/bin/cmake --install /home/rafaelbranco/Documentos/ISEP/OmniWatch/build/prius_gazebo_sim
