[0.055s] Invoking command in '/home/rafaelbranco/Documentos/ISEP/OmniWatch/build/prius_gazebo_sim': CMAKE_PREFIX_PATH=${CMAKE_PREFIX_PATH}:/home/rafaelbranco/Documentos/ISEP/OmniWatch/install/ros2_ws:/opt/ros/humble /usr/bin/cmake --build /home/rafaelbranco/Documentos/ISEP/OmniWatch/build/prius_gazebo_sim -- -j12 -l12
[0.200s] Invoked command in '/home/rafaelbranco/Documentos/ISEP/OmniWatch/build/prius_gazebo_sim' returned '0': CMAKE_PREFIX_PATH=${CMAKE_PREFIX_PATH}:/home/rafaelbranco/Documentos/ISEP/OmniWatch/install/ros2_ws:/opt/ros/humble /usr/bin/cmake --build /home/rafaelbranco/Documentos/ISEP/OmniWatch/build/prius_gazebo_sim -- -j12 -l12
[0.236s] Invoking command in '/home/rafaelbranco/Documentos/ISEP/OmniWatch/build/prius_gazebo_sim': CMAKE_PREFIX_PATH=${CMAKE_PREFIX_PATH}:/home/rafaelbranco/Documentos/ISEP/OmniWatch/install/ros2_ws:/opt/ros/humble /usr/bin/cmake --install /home/rafaelbranco/Documentos/ISEP/OmniWatch/build/prius_gazebo_sim
[0.261s] -- Install configuration: ""
[0.262s] -- Up-to-date: /home/rafaelbranco/Documentos/ISEP/OmniWatch/install/prius_gazebo_sim/share/prius_gazebo_sim/launch
[0.262s] -- Up-to-date: /home/rafaelbranco/Documentos/ISEP/OmniWatch/install/prius_gazebo_sim/share/prius_gazebo_sim/launch/spawn_prius.launch.py
[0.263s] -- Up-to-date: /home/rafaelbranco/Documentos/ISEP/OmniWatch/install/prius_gazebo_sim/share/ament_index/resource_index/package_run_dependencies/prius_gazebo_sim
[0.264s] -- Up-to-date: /home/rafaelbranco/Documentos/ISEP/OmniWatch/install/prius_gazebo_sim/share/ament_index/resource_index/parent_prefix_path/prius_gazebo_sim
[0.265s] -- Up-to-date: /home/rafaelbranco/Documentos/ISEP/OmniWatch/install/prius_gazebo_sim/share/prius_gazebo_sim/environment/ament_prefix_path.sh
[0.265s] -- Up-to-date: /home/rafaelbranco/Documentos/ISEP/OmniWatch/install/prius_gazebo_sim/share/prius_gazebo_sim/environment/ament_prefix_path.dsv
[0.266s] -- Up-to-date: /home/rafaelbranco/Documentos/ISEP/OmniWatch/install/prius_gazebo_sim/share/prius_gazebo_sim/environment/path.sh
[0.267s] -- Up-to-date: /home/rafaelbranco/Documentos/ISEP/OmniWatch/install/prius_gazebo_sim/share/prius_gazebo_sim/environment/path.dsv
[0.267s] -- Up-to-date: /home/rafaelbranco/Documentos/ISEP/OmniWatch/install/prius_gazebo_sim/share/prius_gazebo_sim/local_setup.bash
[0.268s] -- Up-to-date: /home/rafaelbranco/Documentos/ISEP/OmniWatch/install/prius_gazebo_sim/share/prius_gazebo_sim/local_setup.sh
[0.268s] -- Up-to-date: /home/rafaelbranco/Documentos/ISEP/OmniWatch/install/prius_gazebo_sim/share/prius_gazebo_sim/local_setup.zsh
[0.269s] -- Up-to-date: /home/rafaelbranco/Documentos/ISEP/OmniWatch/install/prius_gazebo_sim/share/prius_gazebo_sim/local_setup.dsv
[0.269s] -- Installing: /home/rafaelbranco/Documentos/ISEP/OmniWatch/install/prius_gazebo_sim/share/prius_gazebo_sim/package.dsv
[0.270s] -- Up-to-date: /home/rafaelbranco/Documentos/ISEP/OmniWatch/install/prius_gazebo_sim/share/ament_index/resource_index/packages/prius_gazebo_sim
[0.270s] -- Up-to-date: /home/rafaelbranco/Documentos/ISEP/OmniWatch/install/prius_gazebo_sim/share/prius_gazebo_sim/cmake/prius_gazebo_simConfig.cmake
[0.270s] -- Up-to-date: /home/rafaelbranco/Documentos/ISEP/OmniWatch/install/prius_gazebo_sim/share/prius_gazebo_sim/cmake/prius_gazebo_simConfig-version.cmake
[0.271s] -- Up-to-date: /home/rafaelbranco/Documentos/ISEP/OmniWatch/install/prius_gazebo_sim/share/prius_gazebo_sim/package.xml
[0.274s] Invoked command in '/home/rafaelbranco/Documentos/ISEP/OmniWatch/build/prius_gazebo_sim' returned '0': CMAKE_PREFIX_PATH=${CMAKE_PREFIX_PATH}:/home/rafaelbranco/Documentos/ISEP/OmniWatch/install/ros2_ws:/opt/ros/humble /usr/bin/cmake --install /home/rafaelbranco/Documentos/ISEP/OmniWatch/build/prius_gazebo_sim
