[0.009s] Invoking command in '/home/rafaelbranco/Documentos/ISEP/OmniWatch/build/simple_car': CMAKE_PREFIX_PATH=${CMAKE_PREFIX_PATH}:/home/rafaelbranco/Documentos/ISEP/OmniWatch/install/ros2_ws:/opt/ros/humble /usr/bin/cmake /home/rafaelbranco/Documentos/ISEP/OmniWatch/simple_car/simple_car -DCMAKE_INSTALL_PREFIX=/home/rafaelbranco/Documentos/ISEP/OmniWatch/install/simple_car
[0.053s] -- The C compiler identification is GNU 11.4.0
[0.146s] -- The CXX compiler identification is GNU 11.4.0
[0.176s] -- Detecting C compiler ABI info
[0.426s] -- Detecting C compiler ABI info - done
[0.466s] -- Check for working C compiler: /usr/bin/cc - skipped
[0.467s] -- Detecting C compile features
[0.469s] -- Detecting C compile features - done
[0.483s] -- Detecting CXX compiler ABI info
[0.619s] -- Detecting CXX compiler ABI info - done
[0.630s] -- Check for working CXX compiler: /usr/bin/c++ - skipped
[0.631s] -- Detecting CXX compile features
[0.631s] -- Detecting CXX compile features - done
[0.635s] -- Found ament_cmake: 1.3.11 (/opt/ros/humble/share/ament_cmake/cmake)
[0.972s] -- Found Python3: /usr/bin/python3 (found version "3.10.12") found components: Interpreter 
[1.234s] -- Found rclpy: 3.3.16 (/opt/ros/humble/share/rclpy/cmake)
[1.486s] -- Configuring done
[1.492s] -- Generating done
[1.497s] -- Build files have been written to: /home/rafaelbranco/Documentos/ISEP/OmniWatch/build/simple_car
[1.506s] Invoked command in '/home/rafaelbranco/Documentos/ISEP/OmniWatch/build/simple_car' returned '0': CMAKE_PREFIX_PATH=${CMAKE_PREFIX_PATH}:/home/rafaelbranco/Documentos/ISEP/OmniWatch/install/ros2_ws:/opt/ros/humble /usr/bin/cmake /home/rafaelbranco/Documentos/ISEP/OmniWatch/simple_car/simple_car -DCMAKE_INSTALL_PREFIX=/home/rafaelbranco/Documentos/ISEP/OmniWatch/install/simple_car
[1.511s] Invoking command in '/home/rafaelbranco/Documentos/ISEP/OmniWatch/build/simple_car': CMAKE_PREFIX_PATH=${CMAKE_PREFIX_PATH}:/home/rafaelbranco/Documentos/ISEP/OmniWatch/install/ros2_ws:/opt/ros/humble /usr/bin/cmake --build /home/rafaelbranco/Documentos/ISEP/OmniWatch/build/simple_car -- -j12 -l12
[1.645s] Invoked command in '/home/rafaelbranco/Documentos/ISEP/OmniWatch/build/simple_car' returned '0': CMAKE_PREFIX_PATH=${CMAKE_PREFIX_PATH}:/home/rafaelbranco/Documentos/ISEP/OmniWatch/install/ros2_ws:/opt/ros/humble /usr/bin/cmake --build /home/rafaelbranco/Documentos/ISEP/OmniWatch/build/simple_car -- -j12 -l12
[1.681s] Invoking command in '/home/rafaelbranco/Documentos/ISEP/OmniWatch/build/simple_car': CMAKE_PREFIX_PATH=${CMAKE_PREFIX_PATH}:/home/rafaelbranco/Documentos/ISEP/OmniWatch/install/ros2_ws:/opt/ros/humble /usr/bin/cmake --install /home/rafaelbranco/Documentos/ISEP/OmniWatch/build/simple_car
[1.705s] -- Install configuration: ""
[1.706s] -- Up-to-date: /home/rafaelbranco/Documentos/ISEP/OmniWatch/install/simple_car/lib/simple_car/car_controller
[1.706s] -- Installing: /home/rafaelbranco/Documentos/ISEP/OmniWatch/install/simple_car/lib/simple_car/waypoint_follower
[1.707s] -- Up-to-date: /home/rafaelbranco/Documentos/ISEP/OmniWatch/install/simple_car/share/simple_car/launch
[1.708s] -- Up-to-date: /home/rafaelbranco/Documentos/ISEP/OmniWatch/install/simple_car/share/simple_car/launch/spawn_car.launch.py
[1.708s] -- Up-to-date: /home/rafaelbranco/Documentos/ISEP/OmniWatch/install/simple_car/share/simple_car/models
[1.709s] -- Up-to-date: /home/rafaelbranco/Documentos/ISEP/OmniWatch/install/simple_car/share/simple_car/models/simple_car
[1.709s] -- Up-to-date: /home/rafaelbranco/Documentos/ISEP/OmniWatch/install/simple_car/share/simple_car/models/simple_car/model.config
[1.710s] -- Up-to-date: /home/rafaelbranco/Documentos/ISEP/OmniWatch/install/simple_car/share/simple_car/models/simple_car/model.sdf
[1.710s] -- Up-to-date: /home/rafaelbranco/Documentos/ISEP/OmniWatch/install/simple_car/share/ament_index/resource_index/package_run_dependencies/simple_car
[1.710s] -- Up-to-date: /home/rafaelbranco/Documentos/ISEP/OmniWatch/install/simple_car/share/ament_index/resource_index/parent_prefix_path/simple_car
[1.711s] -- Up-to-date: /home/rafaelbranco/Documentos/ISEP/OmniWatch/install/simple_car/share/simple_car/environment/ament_prefix_path.sh
[1.711s] -- Installing: /home/rafaelbranco/Documentos/ISEP/OmniWatch/install/simple_car/share/simple_car/environment/ament_prefix_path.dsv
[1.711s] -- Up-to-date: /home/rafaelbranco/Documentos/ISEP/OmniWatch/install/simple_car/share/simple_car/environment/path.sh
[1.712s] -- Installing: /home/rafaelbranco/Documentos/ISEP/OmniWatch/install/simple_car/share/simple_car/environment/path.dsv
[1.712s] -- Up-to-date: /home/rafaelbranco/Documentos/ISEP/OmniWatch/install/simple_car/share/simple_car/local_setup.bash
[1.712s] -- Up-to-date: /home/rafaelbranco/Documentos/ISEP/OmniWatch/install/simple_car/share/simple_car/local_setup.sh
[1.713s] -- Up-to-date: /home/rafaelbranco/Documentos/ISEP/OmniWatch/install/simple_car/share/simple_car/local_setup.zsh
[1.713s] -- Installing: /home/rafaelbranco/Documentos/ISEP/OmniWatch/install/simple_car/share/simple_car/local_setup.dsv
[1.713s] -- Installing: /home/rafaelbranco/Documentos/ISEP/OmniWatch/install/simple_car/share/simple_car/package.dsv
[1.714s] -- Up-to-date: /home/rafaelbranco/Documentos/ISEP/OmniWatch/install/simple_car/share/ament_index/resource_index/packages/simple_car
[1.714s] -- Up-to-date: /home/rafaelbranco/Documentos/ISEP/OmniWatch/install/simple_car/share/simple_car/cmake/simple_carConfig.cmake
[1.714s] -- Up-to-date: /home/rafaelbranco/Documentos/ISEP/OmniWatch/install/simple_car/share/simple_car/cmake/simple_carConfig-version.cmake
[1.715s] -- Up-to-date: /home/rafaelbranco/Documentos/ISEP/OmniWatch/install/simple_car/share/simple_car/package.xml
[1.718s] Invoked command in '/home/rafaelbranco/Documentos/ISEP/OmniWatch/build/simple_car' returned '0': CMAKE_PREFIX_PATH=${CMAKE_PREFIX_PATH}:/home/rafaelbranco/Documentos/ISEP/OmniWatch/install/ros2_ws:/opt/ros/humble /usr/bin/cmake --install /home/rafaelbranco/Documentos/ISEP/OmniWatch/build/simple_car
