[0.010s] Invoking command in '/home/rafaelbranco/Documentos/ISEP/OmniWatch/build/simple_car': CMAKE_PREFIX_PATH=${CMAKE_PREFIX_PATH}:/home/rafaelbranco/Documentos/ISEP/OmniWatch/install/ros2_ws:/opt/ros/humble /usr/bin/cmake /home/rafaelbranco/Documentos/ISEP/OmniWatch/simple_car/simple_car -DCMAKE_INSTALL_PREFIX=/home/rafaelbranco/Documentos/ISEP/OmniWatch/install/simple_car
[0.051s] -- The C compiler identification is GNU 11.4.0
[0.095s] -- The CXX compiler identification is GNU 11.4.0
[0.102s] -- Detecting C compiler ABI info
[0.156s] -- Detecting C compiler ABI info - done
[0.162s] -- Check for working C compiler: /usr/bin/cc - skipped
[0.162s] -- Detecting C compile features
[0.163s] -- Detecting C compile features - done
[0.165s] -- Detecting CXX compiler ABI info
[0.224s] -- Detecting CXX compiler ABI info - done
[0.231s] -- Check for working CXX compiler: /usr/bin/c++ - skipped
[0.231s] -- Detecting CXX compile features
[0.231s] -- Detecting CXX compile features - done
[0.234s] -- Found ament_cmake: 1.3.11 (/opt/ros/humble/share/ament_cmake/cmake)
[0.369s] -- Found Python3: /usr/bin/python3 (found version "3.10.12") found components: Interpreter 
[0.500s] -- Found rclpy: 3.3.16 (/opt/ros/humble/share/rclpy/cmake)
[0.565s] -- Configuring done
[0.567s] -- Generating done
[0.569s] -- Build files have been written to: /home/rafaelbranco/Documentos/ISEP/OmniWatch/build/simple_car
[0.573s] Invoked command in '/home/rafaelbranco/Documentos/ISEP/OmniWatch/build/simple_car' returned '0': CMAKE_PREFIX_PATH=${CMAKE_PREFIX_PATH}:/home/rafaelbranco/Documentos/ISEP/OmniWatch/install/ros2_ws:/opt/ros/humble /usr/bin/cmake /home/rafaelbranco/Documentos/ISEP/OmniWatch/simple_car/simple_car -DCMAKE_INSTALL_PREFIX=/home/rafaelbranco/Documentos/ISEP/OmniWatch/install/simple_car
[0.574s] Invoking command in '/home/rafaelbranco/Documentos/ISEP/OmniWatch/build/simple_car': CMAKE_PREFIX_PATH=${CMAKE_PREFIX_PATH}:/home/rafaelbranco/Documentos/ISEP/OmniWatch/install/ros2_ws:/opt/ros/humble /usr/bin/cmake --build /home/rafaelbranco/Documentos/ISEP/OmniWatch/build/simple_car -- -j12 -l12
[0.603s] Invoked command in '/home/rafaelbranco/Documentos/ISEP/OmniWatch/build/simple_car' returned '0': CMAKE_PREFIX_PATH=${CMAKE_PREFIX_PATH}:/home/rafaelbranco/Documentos/ISEP/OmniWatch/install/ros2_ws:/opt/ros/humble /usr/bin/cmake --build /home/rafaelbranco/Documentos/ISEP/OmniWatch/build/simple_car -- -j12 -l12
[0.610s] Invoking command in '/home/rafaelbranco/Documentos/ISEP/OmniWatch/build/simple_car': CMAKE_PREFIX_PATH=${CMAKE_PREFIX_PATH}:/home/rafaelbranco/Documentos/ISEP/OmniWatch/install/ros2_ws:/opt/ros/humble /usr/bin/cmake --install /home/rafaelbranco/Documentos/ISEP/OmniWatch/build/simple_car
[0.616s] -- Install configuration: ""
[0.617s] -- Up-to-date: /home/rafaelbranco/Documentos/ISEP/OmniWatch/install/simple_car/lib/simple_car/car_controller
[0.617s] -- Installing: /home/rafaelbranco/Documentos/ISEP/OmniWatch/install/simple_car/lib/simple_car/waypoint_follower
[0.617s] -- Up-to-date: /home/rafaelbranco/Documentos/ISEP/OmniWatch/install/simple_car/share/simple_car/launch
[0.617s] -- Up-to-date: /home/rafaelbranco/Documentos/ISEP/OmniWatch/install/simple_car/share/simple_car/launch/spawn_car.launch.py
[0.617s] -- Up-to-date: /home/rafaelbranco/Documentos/ISEP/OmniWatch/install/simple_car/share/simple_car/models
[0.617s] -- Up-to-date: /home/rafaelbranco/Documentos/ISEP/OmniWatch/install/simple_car/share/simple_car/models/simple_car
[0.617s] -- Up-to-date: /home/rafaelbranco/Documentos/ISEP/OmniWatch/install/simple_car/share/simple_car/models/simple_car/model.config
[0.617s] -- Up-to-date: /home/rafaelbranco/Documentos/ISEP/OmniWatch/install/simple_car/share/simple_car/models/simple_car/model.sdf
[0.617s] -- Up-to-date: /home/rafaelbranco/Documentos/ISEP/OmniWatch/install/simple_car/share/ament_index/resource_index/package_run_dependencies/simple_car
[0.617s] -- Installing: /home/rafaelbranco/Documentos/ISEP/OmniWatch/install/simple_car/share/ament_index/resource_index/parent_prefix_path/simple_car
[0.617s] -- Up-to-date: /home/rafaelbranco/Documentos/ISEP/OmniWatch/install/simple_car/share/simple_car/environment/ament_prefix_path.sh
[0.618s] -- Installing: /home/rafaelbranco/Documentos/ISEP/OmniWatch/install/simple_car/share/simple_car/environment/ament_prefix_path.dsv
[0.618s] -- Up-to-date: /home/rafaelbranco/Documentos/ISEP/OmniWatch/install/simple_car/share/simple_car/environment/path.sh
[0.618s] -- Installing: /home/rafaelbranco/Documentos/ISEP/OmniWatch/install/simple_car/share/simple_car/environment/path.dsv
[0.618s] -- Up-to-date: /home/rafaelbranco/Documentos/ISEP/OmniWatch/install/simple_car/share/simple_car/local_setup.bash
[0.618s] -- Up-to-date: /home/rafaelbranco/Documentos/ISEP/OmniWatch/install/simple_car/share/simple_car/local_setup.sh
[0.618s] -- Up-to-date: /home/rafaelbranco/Documentos/ISEP/OmniWatch/install/simple_car/share/simple_car/local_setup.zsh
[0.618s] -- Installing: /home/rafaelbranco/Documentos/ISEP/OmniWatch/install/simple_car/share/simple_car/local_setup.dsv
[0.618s] -- Installing: /home/rafaelbranco/Documentos/ISEP/OmniWatch/install/simple_car/share/simple_car/package.dsv
[0.618s] -- Up-to-date: /home/rafaelbranco/Documentos/ISEP/OmniWatch/install/simple_car/share/ament_index/resource_index/packages/simple_car
[0.618s] -- Up-to-date: /home/rafaelbranco/Documentos/ISEP/OmniWatch/install/simple_car/share/simple_car/cmake/simple_carConfig.cmake
[0.618s] -- Up-to-date: /home/rafaelbranco/Documentos/ISEP/OmniWatch/install/simple_car/share/simple_car/cmake/simple_carConfig-version.cmake
[0.618s] -- Up-to-date: /home/rafaelbranco/Documentos/ISEP/OmniWatch/install/simple_car/share/simple_car/package.xml
[0.619s] Invoked command in '/home/rafaelbranco/Documentos/ISEP/OmniWatch/build/simple_car' returned '0': CMAKE_PREFIX_PATH=${CMAKE_PREFIX_PATH}:/home/rafaelbranco/Documentos/ISEP/OmniWatch/install/ros2_ws:/opt/ros/humble /usr/bin/cmake --install /home/rafaelbranco/Documentos/ISEP/OmniWatch/build/simple_car
