[0.064s] Invoking command in '/home/rafaelbranco/Documentos/ISEP/OmniWatch/simple_car/build/simple_car': CMAKE_PREFIX_PATH=${CMAKE_PREFIX_PATH}:/opt/ros/humble /usr/bin/cmake --build /home/rafaelbranco/Documentos/ISEP/OmniWatch/simple_car/build/simple_car -- -j12 -l12
[0.216s] Invoked command in '/home/rafaelbranco/Documentos/ISEP/OmniWatch/simple_car/build/simple_car' returned '0': CMAKE_PREFIX_PATH=${CMAKE_PREFIX_PATH}:/opt/ros/humble /usr/bin/cmake --build /home/rafaelbranco/Documentos/ISEP/OmniWatch/simple_car/build/simple_car -- -j12 -l12
[0.258s] Invoking command in '/home/rafaelbranco/Documentos/ISEP/OmniWatch/simple_car/build/simple_car': CMAKE_PREFIX_PATH=${CMAKE_PREFIX_PATH}:/opt/ros/humble /usr/bin/cmake --install /home/rafaelbranco/Documentos/ISEP/OmniWatch/simple_car/build/simple_car
[0.287s] -- Install configuration: ""
[0.289s] -- Execute custom install script
[0.290s] -- Up-to-date symlink: /home/rafaelbranco/Documentos/ISEP/OmniWatch/simple_car/install/simple_car/lib/simple_car/car_controller.py
[0.292s] -- Up-to-date symlink: /home/rafaelbranco/Documentos/ISEP/OmniWatch/simple_car/install/simple_car/share/simple_car/launch/spawn_car.launch.py
[0.294s] -- Up-to-date symlink: /home/rafaelbranco/Documentos/ISEP/OmniWatch/simple_car/install/simple_car/share/simple_car/models/simple_car/model.config
[0.294s] -- Up-to-date symlink: /home/rafaelbranco/Documentos/ISEP/OmniWatch/simple_car/install/simple_car/share/simple_car/models/simple_car/model.sdf
[0.296s] -- Up-to-date symlink: /home/rafaelbranco/Documentos/ISEP/OmniWatch/simple_car/install/simple_car/share/ament_index/resource_index/package_run_dependencies/simple_car
[0.297s] -- Up-to-date symlink: /home/rafaelbranco/Documentos/ISEP/OmniWatch/simple_car/install/simple_car/share/ament_index/resource_index/parent_prefix_path/simple_car
[0.299s] -- Up-to-date symlink: /home/rafaelbranco/Documentos/ISEP/OmniWatch/simple_car/install/simple_car/share/simple_car/environment/ament_prefix_path.sh
[0.300s] -- Up-to-date symlink: /home/rafaelbranco/Documentos/ISEP/OmniWatch/simple_car/install/simple_car/share/simple_car/environment/ament_prefix_path.dsv
[0.301s] -- Up-to-date symlink: /home/rafaelbranco/Documentos/ISEP/OmniWatch/simple_car/install/simple_car/share/simple_car/environment/path.sh
[0.302s] -- Up-to-date symlink: /home/rafaelbranco/Documentos/ISEP/OmniWatch/simple_car/install/simple_car/share/simple_car/environment/path.dsv
[0.303s] -- Up-to-date symlink: /home/rafaelbranco/Documentos/ISEP/OmniWatch/simple_car/install/simple_car/share/simple_car/local_setup.bash
[0.304s] -- Up-to-date symlink: /home/rafaelbranco/Documentos/ISEP/OmniWatch/simple_car/install/simple_car/share/simple_car/local_setup.sh
[0.305s] -- Up-to-date symlink: /home/rafaelbranco/Documentos/ISEP/OmniWatch/simple_car/install/simple_car/share/simple_car/local_setup.zsh
[0.306s] -- Up-to-date symlink: /home/rafaelbranco/Documentos/ISEP/OmniWatch/simple_car/install/simple_car/share/simple_car/local_setup.dsv
[0.307s] -- Symlinking: /home/rafaelbranco/Documentos/ISEP/OmniWatch/simple_car/install/simple_car/share/simple_car/package.dsv
[0.343s] -- Up-to-date symlink: /home/rafaelbranco/Documentos/ISEP/OmniWatch/simple_car/install/simple_car/share/ament_index/resource_index/packages/simple_car
[0.344s] -- Up-to-date symlink: /home/rafaelbranco/Documentos/ISEP/OmniWatch/simple_car/install/simple_car/share/simple_car/cmake/simple_carConfig.cmake
[0.346s] -- Up-to-date symlink: /home/rafaelbranco/Documentos/ISEP/OmniWatch/simple_car/install/simple_car/share/simple_car/cmake/simple_carConfig-version.cmake
[0.347s] -- Up-to-date symlink: /home/rafaelbranco/Documentos/ISEP/OmniWatch/simple_car/install/simple_car/share/simple_car/package.xml
[0.348s] -- Installing: /home/rafaelbranco/Documentos/ISEP/OmniWatch/simple_car/install/simple_car/lib/simple_car/waypoint_follower
[0.357s] Invoked command in '/home/rafaelbranco/Documentos/ISEP/OmniWatch/simple_car/build/simple_car' returned '0': CMAKE_PREFIX_PATH=${CMAKE_PREFIX_PATH}:/opt/ros/humble /usr/bin/cmake --install /home/rafaelbranco/Documentos/ISEP/OmniWatch/simple_car/build/simple_car
