[0.018s] Invoking command in '/home/rafaelbranco/Documentos/ISEP/OmniWatch/simple_car/build/prius_gazebo_sim': CMAKE_PREFIX_PATH=${CMAKE_PREFIX_PATH}:/opt/ros/humble /usr/bin/cmake --build /home/rafaelbranco/Documentos/ISEP/OmniWatch/simple_car/build/prius_gazebo_sim -- -j12 -l12
[0.058s] Invoked command in '/home/rafaelbranco/Documentos/ISEP/OmniWatch/simple_car/build/prius_gazebo_sim' returned '0': CMAKE_PREFIX_PATH=${CMAKE_PREFIX_PATH}:/opt/ros/humble /usr/bin/cmake --build /home/rafaelbranco/Documentos/ISEP/OmniWatch/simple_car/build/prius_gazebo_sim -- -j12 -l12
[0.060s] Invoking command in '/home/rafaelbranco/Documentos/ISEP/OmniWatch/simple_car/build/prius_gazebo_sim': CMAKE_PREFIX_PATH=${CMAKE_PREFIX_PATH}:/opt/ros/humble /usr/bin/cmake --install /home/rafaelbranco/Documentos/ISEP/OmniWatch/simple_car/build/prius_gazebo_sim
[0.066s] -- Install configuration: ""
[0.066s] -- Execute custom install script
[0.066s] -- Up-to-date symlink: /home/rafaelbranco/Documentos/ISEP/OmniWatch/simple_car/install/prius_gazebo_sim/share/prius_gazebo_sim/launch/spawn_prius.launch.py
[0.067s] -- Up-to-date symlink: /home/rafaelbranco/Documentos/ISEP/OmniWatch/simple_car/install/prius_gazebo_sim/share/ament_index/resource_index/package_run_dependencies/prius_gazebo_sim
[0.067s] -- Up-to-date symlink: /home/rafaelbranco/Documentos/ISEP/OmniWatch/simple_car/install/prius_gazebo_sim/share/ament_index/resource_index/parent_prefix_path/prius_gazebo_sim
[0.067s] -- Up-to-date symlink: /home/rafaelbranco/Documentos/ISEP/OmniWatch/simple_car/install/prius_gazebo_sim/share/prius_gazebo_sim/environment/ament_prefix_path.sh
[0.067s] -- Up-to-date symlink: /home/rafaelbranco/Documentos/ISEP/OmniWatch/simple_car/install/prius_gazebo_sim/share/prius_gazebo_sim/environment/ament_prefix_path.dsv
[0.067s] -- Up-to-date symlink: /home/rafaelbranco/Documentos/ISEP/OmniWatch/simple_car/install/prius_gazebo_sim/share/prius_gazebo_sim/environment/path.sh
[0.067s] -- Up-to-date symlink: /home/rafaelbranco/Documentos/ISEP/OmniWatch/simple_car/install/prius_gazebo_sim/share/prius_gazebo_sim/environment/path.dsv
[0.067s] -- Up-to-date symlink: /home/rafaelbranco/Documentos/ISEP/OmniWatch/simple_car/install/prius_gazebo_sim/share/prius_gazebo_sim/local_setup.bash
[0.068s] -- Up-to-date symlink: /home/rafaelbranco/Documentos/ISEP/OmniWatch/simple_car/install/prius_gazebo_sim/share/prius_gazebo_sim/local_setup.sh
[0.068s] -- Up-to-date symlink: /home/rafaelbranco/Documentos/ISEP/OmniWatch/simple_car/install/prius_gazebo_sim/share/prius_gazebo_sim/local_setup.zsh
[0.068s] -- Up-to-date symlink: /home/rafaelbranco/Documentos/ISEP/OmniWatch/simple_car/install/prius_gazebo_sim/share/prius_gazebo_sim/local_setup.dsv
[0.068s] -- Symlinking: /home/rafaelbranco/Documentos/ISEP/OmniWatch/simple_car/install/prius_gazebo_sim/share/prius_gazebo_sim/package.dsv
[0.076s] -- Up-to-date symlink: /home/rafaelbranco/Documentos/ISEP/OmniWatch/simple_car/install/prius_gazebo_sim/share/ament_index/resource_index/packages/prius_gazebo_sim
[0.076s] -- Up-to-date symlink: /home/rafaelbranco/Documentos/ISEP/OmniWatch/simple_car/install/prius_gazebo_sim/share/prius_gazebo_sim/cmake/prius_gazebo_simConfig.cmake
[0.076s] -- Up-to-date symlink: /home/rafaelbranco/Documentos/ISEP/OmniWatch/simple_car/install/prius_gazebo_sim/share/prius_gazebo_sim/cmake/prius_gazebo_simConfig-version.cmake
[0.076s] -- Up-to-date symlink: /home/rafaelbranco/Documentos/ISEP/OmniWatch/simple_car/install/prius_gazebo_sim/share/prius_gazebo_sim/package.xml
[0.108s] Invoked command in '/home/rafaelbranco/Documentos/ISEP/OmniWatch/simple_car/build/prius_gazebo_sim' returned '0': CMAKE_PREFIX_PATH=${CMAKE_PREFIX_PATH}:/opt/ros/humble /usr/bin/cmake --install /home/rafaelbranco/Documentos/ISEP/OmniWatch/simple_car/build/prius_gazebo_sim
