[0.535s] DEBUG:colcon:Command line arguments: ['/usr/bin/colcon', 'build']
[0.535s] DEBUG:colcon:Parsed command line arguments: Namespace(log_base=None, log_level=None, verb_name='build', build_base='build', install_base='install', merge_install=False, symlink_install=False, test_result_base=None, continue_on_error=False, executor='parallel', parallel_workers=12, event_handlers=None, ignore_user_meta=False, metas=['./colcon.meta'], base_paths=['.'], packages_ignore=None, packages_ignore_regex=None, paths=None, packages_up_to=None, packages_up_to_regex=None, packages_above=None, packages_above_and_dependencies=None, packages_above_depth=None, packages_select_by_dep=None, packages_skip_by_dep=None, packages_skip_up_to=None, packages_select_build_failed=False, packages_skip_build_finished=False, packages_select_test_failures=False, packages_skip_test_passed=False, packages_select=None, packages_skip=None, packages_select_regex=None, packages_skip_regex=None, packages_start=None, packages_end=None, cmake_args=None, cmake_target=None, cmake_target_skip_unavailable=False, cmake_clean_cache=False, cmake_clean_first=False, cmake_force_configure=False, ament_cmake_args=None, catkin_cmake_args=None, catkin_skip_building_tests=False, mixin_files=None, mixin=None, verb_parser=<colcon_mixin.mixin.mixin_argument.MixinArgumentDecorator object at 0x7f3535ced120>, verb_extension=<colcon_core.verb.build.BuildVerb object at 0x7f3535e65f30>, main=<bound method BuildVerb.main of <colcon_core.verb.build.BuildVerb object at 0x7f3535e65f30>>, mixin_verb=('build',))
[1.290s] Level 1:colcon.colcon_core.package_discovery:discover_packages(colcon_meta) check parameters
[1.291s] Level 1:colcon.colcon_core.package_discovery:discover_packages(recursive) check parameters
[1.291s] Level 1:colcon.colcon_core.package_discovery:discover_packages(ignore) check parameters
[1.291s] Level 1:colcon.colcon_core.package_discovery:discover_packages(path) check parameters
[1.291s] Level 1:colcon.colcon_core.package_discovery:discover_packages(colcon_meta) discover
[1.291s] Level 1:colcon.colcon_core.package_discovery:discover_packages(recursive) discover
[1.292s] INFO:colcon.colcon_core.package_discovery:Crawling recursively for packages in '/home/rafaelbranco/Documentos/ISEP/OmniWatch/simple_car'
[1.292s] Level 1:colcon.colcon_core.package_identification:_identify(.) by extensions ['ignore', 'ignore_ament_install']
[1.292s] Level 1:colcon.colcon_core.package_identification:_identify(.) by extension 'ignore'
[1.293s] Level 1:colcon.colcon_core.package_identification:_identify(.) by extension 'ignore_ament_install'
[1.293s] Level 1:colcon.colcon_core.package_identification:_identify(.) by extensions ['colcon_pkg']
[1.293s] Level 1:colcon.colcon_core.package_identification:_identify(.) by extension 'colcon_pkg'
[1.294s] Level 1:colcon.colcon_core.package_identification:_identify(.) by extensions ['colcon_meta']
[1.295s] Level 1:colcon.colcon_core.package_identification:_identify(.) by extension 'colcon_meta'
[1.295s] Level 1:colcon.colcon_core.package_identification:_identify(.) by extensions ['ros']
[1.295s] Level 1:colcon.colcon_core.package_identification:_identify(.) by extension 'ros'
[1.352s] Level 1:colcon.colcon_core.package_identification:_identify(.) by extensions ['cmake', 'python']
[1.352s] Level 1:colcon.colcon_core.package_identification:_identify(.) by extension 'cmake'
[1.352s] Level 1:colcon.colcon_core.package_identification:_identify(.) by extension 'python'
[1.353s] Level 1:colcon.colcon_core.package_identification:_identify(.) by extensions ['python_setup_py']
[1.353s] Level 1:colcon.colcon_core.package_identification:_identify(.) by extension 'python_setup_py'
[1.353s] Level 1:colcon.colcon_core.package_identification:_identify(build) by extensions ['ignore', 'ignore_ament_install']
[1.354s] Level 1:colcon.colcon_core.package_identification:_identify(build) by extension 'ignore'
[1.354s] Level 1:colcon.colcon_core.package_identification:_identify(build) ignored
[1.355s] Level 1:colcon.colcon_core.package_identification:_identify(install) by extensions ['ignore', 'ignore_ament_install']
[1.355s] Level 1:colcon.colcon_core.package_identification:_identify(install) by extension 'ignore'
[1.355s] Level 1:colcon.colcon_core.package_identification:_identify(install) ignored
[1.356s] Level 1:colcon.colcon_core.package_identification:_identify(log) by extensions ['ignore', 'ignore_ament_install']
[1.356s] Level 1:colcon.colcon_core.package_identification:_identify(log) by extension 'ignore'
[1.357s] Level 1:colcon.colcon_core.package_identification:_identify(log) ignored
[1.358s] Level 1:colcon.colcon_core.package_identification:_identify(simple_car) by extensions ['ignore', 'ignore_ament_install']
[1.358s] Level 1:colcon.colcon_core.package_identification:_identify(simple_car) by extension 'ignore'
[1.359s] Level 1:colcon.colcon_core.package_identification:_identify(simple_car) by extension 'ignore_ament_install'
[1.359s] Level 1:colcon.colcon_core.package_identification:_identify(simple_car) by extensions ['colcon_pkg']
[1.359s] Level 1:colcon.colcon_core.package_identification:_identify(simple_car) by extension 'colcon_pkg'
[1.360s] Level 1:colcon.colcon_core.package_identification:_identify(simple_car) by extensions ['colcon_meta']
[1.360s] Level 1:colcon.colcon_core.package_identification:_identify(simple_car) by extension 'colcon_meta'
[1.360s] Level 1:colcon.colcon_core.package_identification:_identify(simple_car) by extensions ['ros']
[1.360s] Level 1:colcon.colcon_core.package_identification:_identify(simple_car) by extension 'ros'
[1.372s] DEBUG:colcon.colcon_core.package_identification:Package 'simple_car' with type 'ros.ament_cmake' and name 'simple_car'
[1.372s] Level 1:colcon.colcon_core.package_identification:_identify(venv) by extensions ['ignore', 'ignore_ament_install']
[1.373s] Level 1:colcon.colcon_core.package_identification:_identify(venv) by extension 'ignore'
[1.373s] Level 1:colcon.colcon_core.package_identification:_identify(venv) by extension 'ignore_ament_install'
[1.373s] Level 1:colcon.colcon_core.package_identification:_identify(venv) by extensions ['colcon_pkg']
[1.373s] Level 1:colcon.colcon_core.package_identification:_identify(venv) by extension 'colcon_pkg'
[1.374s] Level 1:colcon.colcon_core.package_identification:_identify(venv) by extensions ['colcon_meta']
[1.374s] Level 1:colcon.colcon_core.package_identification:_identify(venv) by extension 'colcon_meta'
[1.374s] Level 1:colcon.colcon_core.package_identification:_identify(venv) by extensions ['ros']
[1.375s] Level 1:colcon.colcon_core.package_identification:_identify(venv) by extension 'ros'
[1.375s] Level 1:colcon.colcon_core.package_identification:_identify(venv) by extensions ['cmake', 'python']
[1.375s] Level 1:colcon.colcon_core.package_identification:_identify(venv) by extension 'cmake'
[1.376s] Level 1:colcon.colcon_core.package_identification:_identify(venv) by extension 'python'
[1.376s] Level 1:colcon.colcon_core.package_identification:_identify(venv) by extensions ['python_setup_py']
[1.376s] Level 1:colcon.colcon_core.package_identification:_identify(venv) by extension 'python_setup_py'
[1.376s] Level 1:colcon.colcon_core.package_discovery:discover_packages(recursive) using defaults
[1.376s] Level 1:colcon.colcon_core.package_discovery:discover_packages(ignore) discover
[1.377s] Level 1:colcon.colcon_core.package_discovery:discover_packages(ignore) using defaults
[1.377s] Level 1:colcon.colcon_core.package_discovery:discover_packages(path) discover
[1.377s] Level 1:colcon.colcon_core.package_discovery:discover_packages(path) using defaults
[1.466s] Level 5:colcon.colcon_core.verb:set package 'simple_car' build argument 'cmake_args' from command line to 'None'
[1.466s] Level 5:colcon.colcon_core.verb:set package 'simple_car' build argument 'cmake_target' from command line to 'None'
[1.467s] Level 5:colcon.colcon_core.verb:set package 'simple_car' build argument 'cmake_target_skip_unavailable' from command line to 'False'
[1.467s] Level 5:colcon.colcon_core.verb:set package 'simple_car' build argument 'cmake_clean_cache' from command line to 'False'
[1.467s] Level 5:colcon.colcon_core.verb:set package 'simple_car' build argument 'cmake_clean_first' from command line to 'False'
[1.467s] Level 5:colcon.colcon_core.verb:set package 'simple_car' build argument 'cmake_force_configure' from command line to 'False'
[1.467s] Level 5:colcon.colcon_core.verb:set package 'simple_car' build argument 'ament_cmake_args' from command line to 'None'
[1.467s] Level 5:colcon.colcon_core.verb:set package 'simple_car' build argument 'catkin_cmake_args' from command line to 'None'
[1.467s] Level 5:colcon.colcon_core.verb:set package 'simple_car' build argument 'catkin_skip_building_tests' from command line to 'False'
[1.468s] DEBUG:colcon.colcon_core.verb:Building package 'simple_car' with the following arguments: {'ament_cmake_args': None, 'build_base': '/home/rafaelbranco/Documentos/ISEP/OmniWatch/simple_car/build/simple_car', 'catkin_cmake_args': None, 'catkin_skip_building_tests': False, 'cmake_args': None, 'cmake_clean_cache': False, 'cmake_clean_first': False, 'cmake_force_configure': False, 'cmake_target': None, 'cmake_target_skip_unavailable': False, 'install_base': '/home/rafaelbranco/Documentos/ISEP/OmniWatch/simple_car/install/simple_car', 'merge_install': False, 'path': '/home/rafaelbranco/Documentos/ISEP/OmniWatch/simple_car/simple_car', 'symlink_install': False, 'test_result_base': None}
[1.468s] INFO:colcon.colcon_core.executor:Executing jobs using 'parallel' executor
[1.473s] DEBUG:colcon.colcon_parallel_executor.executor.parallel:run_until_complete
[1.474s] INFO:colcon.colcon_ros.task.ament_cmake.build:Building ROS package in '/home/rafaelbranco/Documentos/ISEP/OmniWatch/simple_car/simple_car' with build type 'ament_cmake'
[1.474s] INFO:colcon.colcon_cmake.task.cmake.build:Building CMake package in '/home/rafaelbranco/Documentos/ISEP/OmniWatch/simple_car/simple_car'
[1.484s] INFO:colcon.colcon_core.plugin_system:Skipping extension 'colcon_core.shell.bat': Not used on non-Windows systems
[1.485s] INFO:colcon.colcon_core.shell:Skip shell extension 'powershell' for command environment: Not usable outside of PowerShell
[1.485s] DEBUG:colcon.colcon_core.shell:Skip shell extension 'dsv' for command environment
[1.540s] DEBUG:colcon.colcon_core.event_handler.log_command:Invoking command in '/home/rafaelbranco/Documentos/ISEP/OmniWatch/simple_car/build/simple_car': CMAKE_PREFIX_PATH=${CMAKE_PREFIX_PATH}:/opt/ros/humble /usr/bin/cmake --build /home/rafaelbranco/Documentos/ISEP/OmniWatch/simple_car/build/simple_car -- -j12 -l12
[1.702s] DEBUG:colcon.colcon_core.event_handler.log_command:Invoked command in '/home/rafaelbranco/Documentos/ISEP/OmniWatch/simple_car/build/simple_car' returned '0': CMAKE_PREFIX_PATH=${CMAKE_PREFIX_PATH}:/opt/ros/humble /usr/bin/cmake --build /home/rafaelbranco/Documentos/ISEP/OmniWatch/simple_car/build/simple_car -- -j12 -l12
[1.749s] DEBUG:colcon.colcon_core.event_handler.log_command:Invoking command in '/home/rafaelbranco/Documentos/ISEP/OmniWatch/simple_car/build/simple_car': CMAKE_PREFIX_PATH=${CMAKE_PREFIX_PATH}:/opt/ros/humble /usr/bin/cmake --install /home/rafaelbranco/Documentos/ISEP/OmniWatch/simple_car/build/simple_car
[1.851s] Level 1:colcon.colcon_core.environment:create_environment_scripts_only(simple_car)
[1.854s] DEBUG:colcon.colcon_core.event_handler.log_command:Invoked command in '/home/rafaelbranco/Documentos/ISEP/OmniWatch/simple_car/build/simple_car' returned '0': CMAKE_PREFIX_PATH=${CMAKE_PREFIX_PATH}:/opt/ros/humble /usr/bin/cmake --install /home/rafaelbranco/Documentos/ISEP/OmniWatch/simple_car/build/simple_car
[1.865s] Level 1:colcon.colcon_core.environment:checking '/home/rafaelbranco/Documentos/ISEP/OmniWatch/simple_car/install/simple_car' for CMake module files
[1.868s] Level 1:colcon.colcon_core.environment:checking '/home/rafaelbranco/Documentos/ISEP/OmniWatch/simple_car/install/simple_car' for CMake config files
[1.870s] Level 1:colcon.colcon_core.shell:create_environment_hook('simple_car', 'cmake_prefix_path')
[1.872s] INFO:colcon.colcon_core.shell:Creating environment hook '/home/rafaelbranco/Documentos/ISEP/OmniWatch/simple_car/install/simple_car/share/simple_car/hook/cmake_prefix_path.ps1'
[1.876s] INFO:colcon.colcon_core.shell:Creating environment descriptor '/home/rafaelbranco/Documentos/ISEP/OmniWatch/simple_car/install/simple_car/share/simple_car/hook/cmake_prefix_path.dsv'
[1.879s] INFO:colcon.colcon_core.shell:Creating environment hook '/home/rafaelbranco/Documentos/ISEP/OmniWatch/simple_car/install/simple_car/share/simple_car/hook/cmake_prefix_path.sh'
[1.888s] Level 1:colcon.colcon_core.environment:checking '/home/rafaelbranco/Documentos/ISEP/OmniWatch/simple_car/install/simple_car/lib'
[1.889s] Level 1:colcon.colcon_core.environment:checking '/home/rafaelbranco/Documentos/ISEP/OmniWatch/simple_car/install/simple_car/bin'
[1.890s] Level 1:colcon.colcon_core.environment:checking '/home/rafaelbranco/Documentos/ISEP/OmniWatch/simple_car/install/simple_car/lib/pkgconfig/simple_car.pc'
[1.898s] Level 1:colcon.colcon_core.environment:checking '/home/rafaelbranco/Documentos/ISEP/OmniWatch/simple_car/install/simple_car/lib/python3.10/site-packages'
[1.899s] Level 1:colcon.colcon_core.environment:checking '/home/rafaelbranco/Documentos/ISEP/OmniWatch/simple_car/install/simple_car/bin'
[1.901s] INFO:colcon.colcon_core.shell:Creating package script '/home/rafaelbranco/Documentos/ISEP/OmniWatch/simple_car/install/simple_car/share/simple_car/package.ps1'
[1.907s] INFO:colcon.colcon_core.shell:Creating package descriptor '/home/rafaelbranco/Documentos/ISEP/OmniWatch/simple_car/install/simple_car/share/simple_car/package.dsv'
[1.909s] INFO:colcon.colcon_core.shell:Creating package script '/home/rafaelbranco/Documentos/ISEP/OmniWatch/simple_car/install/simple_car/share/simple_car/package.sh'
[1.913s] INFO:colcon.colcon_core.shell:Creating package script '/home/rafaelbranco/Documentos/ISEP/OmniWatch/simple_car/install/simple_car/share/simple_car/package.bash'
[1.919s] INFO:colcon.colcon_core.shell:Creating package script '/home/rafaelbranco/Documentos/ISEP/OmniWatch/simple_car/install/simple_car/share/simple_car/package.zsh'
[1.924s] Level 1:colcon.colcon_core.environment:create_file_with_runtime_dependencies(/home/rafaelbranco/Documentos/ISEP/OmniWatch/simple_car/install/simple_car/share/colcon-core/packages/simple_car)
[1.927s] Level 1:colcon.colcon_core.environment:create_environment_scripts_only(simple_car)
[1.928s] Level 1:colcon.colcon_core.environment:checking '/home/rafaelbranco/Documentos/ISEP/OmniWatch/simple_car/install/simple_car' for CMake module files
[1.930s] Level 1:colcon.colcon_core.environment:checking '/home/rafaelbranco/Documentos/ISEP/OmniWatch/simple_car/install/simple_car' for CMake config files
[1.932s] Level 1:colcon.colcon_core.shell:create_environment_hook('simple_car', 'cmake_prefix_path')
[1.934s] INFO:colcon.colcon_core.shell:Creating environment hook '/home/rafaelbranco/Documentos/ISEP/OmniWatch/simple_car/install/simple_car/share/simple_car/hook/cmake_prefix_path.ps1'
[1.936s] INFO:colcon.colcon_core.shell:Creating environment descriptor '/home/rafaelbranco/Documentos/ISEP/OmniWatch/simple_car/install/simple_car/share/simple_car/hook/cmake_prefix_path.dsv'
[1.937s] INFO:colcon.colcon_core.shell:Creating environment hook '/home/rafaelbranco/Documentos/ISEP/OmniWatch/simple_car/install/simple_car/share/simple_car/hook/cmake_prefix_path.sh'
[1.940s] Level 1:colcon.colcon_core.environment:checking '/home/rafaelbranco/Documentos/ISEP/OmniWatch/simple_car/install/simple_car/lib'
[1.940s] Level 1:colcon.colcon_core.environment:checking '/home/rafaelbranco/Documentos/ISEP/OmniWatch/simple_car/install/simple_car/bin'
[1.941s] Level 1:colcon.colcon_core.environment:checking '/home/rafaelbranco/Documentos/ISEP/OmniWatch/simple_car/install/simple_car/lib/pkgconfig/simple_car.pc'
[1.941s] Level 1:colcon.colcon_core.environment:checking '/home/rafaelbranco/Documentos/ISEP/OmniWatch/simple_car/install/simple_car/lib/python3.10/site-packages'
[1.942s] Level 1:colcon.colcon_core.environment:checking '/home/rafaelbranco/Documentos/ISEP/OmniWatch/simple_car/install/simple_car/bin'
[1.944s] INFO:colcon.colcon_core.shell:Creating package script '/home/rafaelbranco/Documentos/ISEP/OmniWatch/simple_car/install/simple_car/share/simple_car/package.ps1'
[1.946s] INFO:colcon.colcon_core.shell:Creating package descriptor '/home/rafaelbranco/Documentos/ISEP/OmniWatch/simple_car/install/simple_car/share/simple_car/package.dsv'
[1.948s] INFO:colcon.colcon_core.shell:Creating package script '/home/rafaelbranco/Documentos/ISEP/OmniWatch/simple_car/install/simple_car/share/simple_car/package.sh'
[1.951s] INFO:colcon.colcon_core.shell:Creating package script '/home/rafaelbranco/Documentos/ISEP/OmniWatch/simple_car/install/simple_car/share/simple_car/package.bash'
[1.953s] INFO:colcon.colcon_core.shell:Creating package script '/home/rafaelbranco/Documentos/ISEP/OmniWatch/simple_car/install/simple_car/share/simple_car/package.zsh'
[1.955s] Level 1:colcon.colcon_core.environment:create_file_with_runtime_dependencies(/home/rafaelbranco/Documentos/ISEP/OmniWatch/simple_car/install/simple_car/share/colcon-core/packages/simple_car)
[1.956s] DEBUG:colcon.colcon_parallel_executor.executor.parallel:closing loop
[1.957s] DEBUG:colcon.colcon_parallel_executor.executor.parallel:loop closed
[1.958s] DEBUG:colcon.colcon_parallel_executor.executor.parallel:run_until_complete finished with '0'
[1.958s] DEBUG:colcon.colcon_core.event_reactor:joining thread
[2.022s] INFO:colcon.colcon_core.plugin_system:Skipping extension 'colcon_notification.desktop_notification.notify_send': Could not find 'notify-send'
[2.022s] INFO:colcon.colcon_core.plugin_system:Skipping extension 'colcon_notification.desktop_notification.terminal_notifier': Not used on non-Darwin systems
[2.023s] INFO:colcon.colcon_core.plugin_system:Skipping extension 'colcon_notification.desktop_notification.win32': Not used on non-Windows systems
[2.023s] INFO:colcon.colcon_notification.desktop_notification:Sending desktop notification using 'notify2'
[2.079s] DEBUG:colcon.colcon_core.event_reactor:joined thread
[2.081s] INFO:colcon.colcon_core.shell:Creating prefix script '/home/rafaelbranco/Documentos/ISEP/OmniWatch/simple_car/install/local_setup.ps1'
[2.088s] INFO:colcon.colcon_core.shell:Creating prefix util module '/home/rafaelbranco/Documentos/ISEP/OmniWatch/simple_car/install/_local_setup_util_ps1.py'
[2.100s] INFO:colcon.colcon_core.shell:Creating prefix chain script '/home/rafaelbranco/Documentos/ISEP/OmniWatch/simple_car/install/setup.ps1'
[2.110s] INFO:colcon.colcon_core.shell:Creating prefix script '/home/rafaelbranco/Documentos/ISEP/OmniWatch/simple_car/install/local_setup.sh'
[2.115s] INFO:colcon.colcon_core.shell:Creating prefix util module '/home/rafaelbranco/Documentos/ISEP/OmniWatch/simple_car/install/_local_setup_util_sh.py'
[2.119s] INFO:colcon.colcon_core.shell:Creating prefix chain script '/home/rafaelbranco/Documentos/ISEP/OmniWatch/simple_car/install/setup.sh'
[2.125s] INFO:colcon.colcon_core.shell:Creating prefix script '/home/rafaelbranco/Documentos/ISEP/OmniWatch/simple_car/install/local_setup.bash'
[2.128s] INFO:colcon.colcon_core.shell:Creating prefix chain script '/home/rafaelbranco/Documentos/ISEP/OmniWatch/simple_car/install/setup.bash'
[2.135s] INFO:colcon.colcon_core.shell:Creating prefix script '/home/rafaelbranco/Documentos/ISEP/OmniWatch/simple_car/install/local_setup.zsh'
[2.138s] INFO:colcon.colcon_core.shell:Creating prefix chain script '/home/rafaelbranco/Documentos/ISEP/OmniWatch/simple_car/install/setup.zsh'
