[0.061s] Invoking command in '/home/rafaelbranco/Documentos/ISEP/OmniWatch/simple_car/build/simple_car': CMAKE_PREFIX_PATH=${CMAKE_PREFIX_PATH}:/opt/ros/humble /usr/bin/cmake --build /home/rafaelbranco/Documentos/ISEP/OmniWatch/simple_car/build/simple_car -- -j12 -l12
[0.197s] Invoked command in '/home/rafaelbranco/Documentos/ISEP/OmniWatch/simple_car/build/simple_car' returned '0': CMAKE_PREFIX_PATH=${CMAKE_PREFIX_PATH}:/opt/ros/humble /usr/bin/cmake --build /home/rafaelbranco/Documentos/ISEP/OmniWatch/simple_car/build/simple_car -- -j12 -l12
[0.239s] Invoking command in '/home/rafaelbranco/Documentos/ISEP/OmniWatch/simple_car/build/simple_car': CMAKE_PREFIX_PATH=${CMAKE_PREFIX_PATH}:/opt/ros/humble /usr/bin/cmake --install /home/rafaelbranco/Documentos/ISEP/OmniWatch/simple_car/build/simple_car
[0.262s] -- Install configuration: ""
[0.264s] -- Execute custom install script
[0.266s] -- Up-to-date symlink: /home/rafaelbranco/Documentos/ISEP/OmniWatch/simple_car/install/simple_car/share/simple_car/launch/spawn_car.launch.py
[0.267s] -- Up-to-date symlink: /home/rafaelbranco/Documentos/ISEP/OmniWatch/simple_car/install/simple_car/share/simple_car/models/simple_car/model.config
[0.268s] -- Up-to-date symlink: /home/rafaelbranco/Documentos/ISEP/OmniWatch/simple_car/install/simple_car/share/simple_car/models/simple_car/model.sdf
[0.268s] -- Up-to-date symlink: /home/rafaelbranco/Documentos/ISEP/OmniWatch/simple_car/install/simple_car/share/ament_index/resource_index/package_run_dependencies/simple_car
[0.269s] -- Up-to-date symlink: /home/rafaelbranco/Documentos/ISEP/OmniWatch/simple_car/install/simple_car/share/ament_index/resource_index/parent_prefix_path/simple_car
[0.270s] -- Up-to-date symlink: /home/rafaelbranco/Documentos/ISEP/OmniWatch/simple_car/install/simple_car/share/simple_car/environment/ament_prefix_path.sh
[0.270s] -- Up-to-date symlink: /home/rafaelbranco/Documentos/ISEP/OmniWatch/simple_car/install/simple_car/share/simple_car/environment/ament_prefix_path.dsv
[0.271s] -- Up-to-date symlink: /home/rafaelbranco/Documentos/ISEP/OmniWatch/simple_car/install/simple_car/share/simple_car/environment/path.sh
[0.272s] -- Up-to-date symlink: /home/rafaelbranco/Documentos/ISEP/OmniWatch/simple_car/install/simple_car/share/simple_car/environment/path.dsv
[0.273s] -- Up-to-date symlink: /home/rafaelbranco/Documentos/ISEP/OmniWatch/simple_car/install/simple_car/share/simple_car/local_setup.bash
[0.273s] -- Up-to-date symlink: /home/rafaelbranco/Documentos/ISEP/OmniWatch/simple_car/install/simple_car/share/simple_car/local_setup.sh
[0.274s] -- Up-to-date symlink: /home/rafaelbranco/Documentos/ISEP/OmniWatch/simple_car/install/simple_car/share/simple_car/local_setup.zsh
[0.275s] -- Up-to-date symlink: /home/rafaelbranco/Documentos/ISEP/OmniWatch/simple_car/install/simple_car/share/simple_car/local_setup.dsv
[0.275s] -- Symlinking: /home/rafaelbranco/Documentos/ISEP/OmniWatch/simple_car/install/simple_car/share/simple_car/package.dsv
[0.305s] -- Up-to-date symlink: /home/rafaelbranco/Documentos/ISEP/OmniWatch/simple_car/install/simple_car/share/ament_index/resource_index/packages/simple_car
[0.306s] -- Up-to-date symlink: /home/rafaelbranco/Documentos/ISEP/OmniWatch/simple_car/install/simple_car/share/simple_car/cmake/simple_carConfig.cmake
[0.307s] -- Up-to-date symlink: /home/rafaelbranco/Documentos/ISEP/OmniWatch/simple_car/install/simple_car/share/simple_car/cmake/simple_carConfig-version.cmake
[0.308s] -- Up-to-date symlink: /home/rafaelbranco/Documentos/ISEP/OmniWatch/simple_car/install/simple_car/share/simple_car/package.xml
[0.308s] -- Up-to-date: /home/rafaelbranco/Documentos/ISEP/OmniWatch/simple_car/install/simple_car/lib/simple_car/car_controller
[0.308s] -- Installing: /home/rafaelbranco/Documentos/ISEP/OmniWatch/simple_car/install/simple_car/lib/simple_car/waypoint_follower
[0.316s] Invoked command in '/home/rafaelbranco/Documentos/ISEP/OmniWatch/simple_car/build/simple_car' returned '0': CMAKE_PREFIX_PATH=${CMAKE_PREFIX_PATH}:/opt/ros/humble /usr/bin/cmake --install /home/rafaelbranco/Documentos/ISEP/OmniWatch/simple_car/build/simple_car
