-- Install configuration: ""
-- Execute custom install script
-- Up-to-date symlink: /home/rafaelbranco/Documentos/ISEP/OmniWatch/simple_car/install/exemplo3/share/exemplo3/launch/bringup.launch.py
-- Up-to-date symlink: /home/rafaelbranco/Documentos/ISEP/OmniWatch/simple_car/install/exemplo3/share/exemplo3/urdf/ackermann.urdf.xacro
-- Up-to-date symlink: /home/rafaelbranco/Documentos/ISEP/OmniWatch/simple_car/install/exemplo3/share/exemplo3/config/ackerman_controllers.yaml
-- Up-to-date symlink: /home/rafaelbranco/Documentos/ISEP/OmniWatch/simple_car/install/exemplo3/share/ament_index/resource_index/package_run_dependencies/exemplo3
-- Up-to-date symlink: /home/rafaelbranco/Documentos/ISEP/OmniWatch/simple_car/install/exemplo3/share/ament_index/resource_index/parent_prefix_path/exemplo3
-- Up-to-date symlink: /home/rafaelbranco/Documentos/ISEP/OmniWatch/simple_car/install/exemplo3/share/exemplo3/environment/ament_prefix_path.sh
-- Up-to-date symlink: /home/rafaelbranco/Documentos/ISEP/OmniWatch/simple_car/install/exemplo3/share/exemplo3/environment/ament_prefix_path.dsv
-- Up-to-date symlink: /home/rafaelbranco/Documentos/ISEP/OmniWatch/simple_car/install/exemplo3/share/exemplo3/environment/path.sh
-- Up-to-date symlink: /home/rafaelbranco/Documentos/ISEP/OmniWatch/simple_car/install/exemplo3/share/exemplo3/environment/path.dsv
-- Up-to-date symlink: /home/rafaelbranco/Documentos/ISEP/OmniWatch/simple_car/install/exemplo3/share/exemplo3/local_setup.bash
-- Up-to-date symlink: /home/rafaelbranco/Documentos/ISEP/OmniWatch/simple_car/install/exemplo3/share/exemplo3/local_setup.sh
-- Up-to-date symlink: /home/rafaelbranco/Documentos/ISEP/OmniWatch/simple_car/install/exemplo3/share/exemplo3/local_setup.zsh
-- Up-to-date symlink: /home/rafaelbranco/Documentos/ISEP/OmniWatch/simple_car/install/exemplo3/share/exemplo3/local_setup.dsv
-- Symlinking: /home/rafaelbranco/Documentos/ISEP/OmniWatch/simple_car/install/exemplo3/share/exemplo3/package.dsv
-- Up-to-date symlink: /home/rafaelbranco/Documentos/ISEP/OmniWatch/simple_car/install/exemplo3/share/ament_index/resource_index/packages/exemplo3
-- Up-to-date symlink: /home/rafaelbranco/Documentos/ISEP/OmniWatch/simple_car/install/exemplo3/share/exemplo3/cmake/exemplo3Config.cmake
-- Up-to-date symlink: /home/rafaelbranco/Documentos/ISEP/OmniWatch/simple_car/install/exemplo3/share/exemplo3/cmake/exemplo3Config-version.cmake
-- Up-to-date symlink: /home/rafaelbranco/Documentos/ISEP/OmniWatch/simple_car/install/exemplo3/share/exemplo3/package.xml
