[0.020s] Invoking command in '/home/rafaelbranco/Documentos/ISEP/OmniWatch/simple_car/build/exemplo3': CMAKE_PREFIX_PATH=${CMAKE_PREFIX_PATH}:/opt/ros/humble /usr/bin/cmake --build /home/rafaelbranco/Documentos/ISEP/OmniWatch/simple_car/build/exemplo3 -- -j12 -l12
[0.054s] Invoked command in '/home/rafaelbranco/Documentos/ISEP/OmniWatch/simple_car/build/exemplo3' returned '0': CMAKE_PREFIX_PATH=${CMAKE_PREFIX_PATH}:/opt/ros/humble /usr/bin/cmake --build /home/rafaelbranco/Documentos/ISEP/OmniWatch/simple_car/build/exemplo3 -- -j12 -l12
[0.062s] Invoking command in '/home/rafaelbranco/Documentos/ISEP/OmniWatch/simple_car/build/exemplo3': CMAKE_PREFIX_PATH=${CMAKE_PREFIX_PATH}:/opt/ros/humble /usr/bin/cmake --install /home/rafaelbranco/Documentos/ISEP/OmniWatch/simple_car/build/exemplo3
[0.069s] -- Install configuration: ""
[0.069s] -- Execute custom install script
[0.069s] -- Up-to-date symlink: /home/rafaelbranco/Documentos/ISEP/OmniWatch/simple_car/install/exemplo3/share/exemplo3/launch/bringup.launch.py
[0.069s] -- Up-to-date symlink: /home/rafaelbranco/Documentos/ISEP/OmniWatch/simple_car/install/exemplo3/share/exemplo3/urdf/ackermann.urdf.xacro
[0.070s] -- Up-to-date symlink: /home/rafaelbranco/Documentos/ISEP/OmniWatch/simple_car/install/exemplo3/share/exemplo3/config/ackerman_controllers.yaml
[0.070s] -- Up-to-date symlink: /home/rafaelbranco/Documentos/ISEP/OmniWatch/simple_car/install/exemplo3/share/ament_index/resource_index/package_run_dependencies/exemplo3
[0.070s] -- Up-to-date symlink: /home/rafaelbranco/Documentos/ISEP/OmniWatch/simple_car/install/exemplo3/share/ament_index/resource_index/parent_prefix_path/exemplo3
[0.070s] -- Up-to-date symlink: /home/rafaelbranco/Documentos/ISEP/OmniWatch/simple_car/install/exemplo3/share/exemplo3/environment/ament_prefix_path.sh
[0.070s] -- Up-to-date symlink: /home/rafaelbranco/Documentos/ISEP/OmniWatch/simple_car/install/exemplo3/share/exemplo3/environment/ament_prefix_path.dsv
[0.070s] -- Up-to-date symlink: /home/rafaelbranco/Documentos/ISEP/OmniWatch/simple_car/install/exemplo3/share/exemplo3/environment/path.sh
[0.071s] -- Up-to-date symlink: /home/rafaelbranco/Documentos/ISEP/OmniWatch/simple_car/install/exemplo3/share/exemplo3/environment/path.dsv
[0.071s] -- Up-to-date symlink: /home/rafaelbranco/Documentos/ISEP/OmniWatch/simple_car/install/exemplo3/share/exemplo3/local_setup.bash
[0.071s] -- Up-to-date symlink: /home/rafaelbranco/Documentos/ISEP/OmniWatch/simple_car/install/exemplo3/share/exemplo3/local_setup.sh
[0.071s] -- Up-to-date symlink: /home/rafaelbranco/Documentos/ISEP/OmniWatch/simple_car/install/exemplo3/share/exemplo3/local_setup.zsh
[0.071s] -- Up-to-date symlink: /home/rafaelbranco/Documentos/ISEP/OmniWatch/simple_car/install/exemplo3/share/exemplo3/local_setup.dsv
[0.071s] -- Symlinking: /home/rafaelbranco/Documentos/ISEP/OmniWatch/simple_car/install/exemplo3/share/exemplo3/package.dsv
[0.079s] -- Up-to-date symlink: /home/rafaelbranco/Documentos/ISEP/OmniWatch/simple_car/install/exemplo3/share/ament_index/resource_index/packages/exemplo3
[0.079s] -- Up-to-date symlink: /home/rafaelbranco/Documentos/ISEP/OmniWatch/simple_car/install/exemplo3/share/exemplo3/cmake/exemplo3Config.cmake
[0.079s] -- Up-to-date symlink: /home/rafaelbranco/Documentos/ISEP/OmniWatch/simple_car/install/exemplo3/share/exemplo3/cmake/exemplo3Config-version.cmake
[0.079s] -- Up-to-date symlink: /home/rafaelbranco/Documentos/ISEP/OmniWatch/simple_car/install/exemplo3/share/exemplo3/package.xml
[0.082s] Invoked command in '/home/rafaelbranco/Documentos/ISEP/OmniWatch/simple_car/build/exemplo3' returned '0': CMAKE_PREFIX_PATH=${CMAKE_PREFIX_PATH}:/opt/ros/humble /usr/bin/cmake --install /home/rafaelbranco/Documentos/ISEP/OmniWatch/simple_car/build/exemplo3
