[0.016s] Invoking command in '/home/rafaelbranco/Documentos/ISEP/OmniWatch/simple_car/build/prius_gazebo_sim': CMAKE_PREFIX_PATH=${CMAKE_PREFIX_PATH}:/opt/ros/humble /usr/bin/cmake /home/rafaelbranco/Documentos/ISEP/OmniWatch/simple_car/prius_gazebo_sim -DAMENT_CMAKE_SYMLINK_INSTALL=1 -DCMAKE_INSTALL_PREFIX=/home/rafaelbranco/Documentos/ISEP/OmniWatch/simple_car/install/prius_gazebo_sim
[0.063s] -- The C compiler identification is GNU 11.4.0
[0.117s] -- The CXX compiler identification is GNU 11.4.0
[0.125s] -- Detecting C compiler ABI info
[0.187s] -- Detecting C compiler ABI info - done
[0.195s] -- Check for working C compiler: /usr/bin/cc - skipped
[0.195s] -- Detecting C compile features
[0.195s] -- Detecting C compile features - done
[0.199s] -- Detecting CXX compiler ABI info
[0.271s] -- Detecting CXX compiler ABI info - done
[0.279s] -- Check for working CXX compiler: /usr/bin/c++ - skipped
[0.280s] -- Detecting CXX compile features
[0.280s] -- Detecting CXX compile features - done
[0.283s] -- Found ament_cmake: 1.3.11 (/opt/ros/humble/share/ament_cmake/cmake)
[0.428s] -- Found Python3: /usr/bin/python3 (found version "3.10.12") found components: Interpreter 
[0.489s] -- Override CMake install command with custom implementation using symlinks instead of copying resources
[0.527s] -- Found rclpy: 3.3.16 (/opt/ros/humble/share/rclpy/cmake)
[0.530s] -- Found gazebo_ros: 3.9.0 (/opt/ros/humble/share/gazebo_ros/cmake)
[0.590s] -- Found rosidl_generator_c: 3.1.6 (/opt/ros/humble/share/rosidl_generator_c/cmake)
[0.596s] -- Found rosidl_adapter: 3.1.6 (/opt/ros/humble/share/rosidl_adapter/cmake)
[0.606s] -- Found rosidl_generator_cpp: 3.1.6 (/opt/ros/humble/share/rosidl_generator_cpp/cmake)
[0.623s] -- Using all available rosidl_typesupport_c: rosidl_typesupport_fastrtps_c;rosidl_typesupport_introspection_c
[0.647s] -- Using all available rosidl_typesupport_cpp: rosidl_typesupport_fastrtps_cpp;rosidl_typesupport_introspection_cpp
[0.705s] -- Found rmw_implementation_cmake: 6.1.2 (/opt/ros/humble/share/rmw_implementation_cmake/cmake)
[0.708s] -- Found rmw_fastrtps_cpp: 6.2.7 (/opt/ros/humble/share/rmw_fastrtps_cpp/cmake)
[0.796s] -- Found OpenSSL: /usr/lib/x86_64-linux-gnu/libcrypto.so (found version "3.0.2")  
[0.845s] -- Found FastRTPS: /opt/ros/humble/include  
[0.891s] -- Using RMW implementation 'rmw_fastrtps_cpp' as default
[0.902s] -- Looking for pthread.h
[0.965s] -- Looking for pthread.h - found
[0.966s] -- Performing Test CMAKE_HAVE_LIBC_PTHREAD
[1.031s] -- Performing Test CMAKE_HAVE_LIBC_PTHREAD - Success
[1.032s] -- Found Threads: TRUE  
[1.097s] -- Found PkgConfig: /usr/bin/pkg-config (found version "0.29.2") 
[1.097s] -- Checking for module 'bullet>=2.82'
[1.107s] --   Found bullet, version 3.05
[1.198s] -- Found fcl: /usr/include (found suitable version "0.7.0", minimum required is "0.5.0") 
[1.237s] -- Found assimp: /usr/include (found version "5.2.0") 
[1.264s] -- Found DART: /usr/include (Required is at least version "6.6") found components: dart 
[1.298s] -- Found Boost: /usr/lib/x86_64-linux-gnu/cmake/Boost-1.74.0/BoostConfig.cmake (found suitable version "1.74.0", minimum required is "1.40.0") found components: thread system filesystem program_options regex iostreams date_time 
[1.310s] -- Found Protobuf: /usr/lib/x86_64-linux-gnu/libprotobuf.so (found version "3.12.4") 
[1.317s] -- Looking for ignition-math6 -- found version 6.15.1
[1.324s] -- Searching for dependencies of ignition-math6
[1.325s] -- Looking for OGRE...
[1.326s] -- OGRE_PREFIX_WATCH changed.
[1.331s] -- Checking for module 'OGRE'
[1.343s] --   Found OGRE, version 1.9.0
[1.370s] -- Found Ogre Ghadamon (1.9.0)
[1.375s] -- Found OGRE: optimized;/usr/lib/x86_64-linux-gnu/libOgreMain.so;debug;/usr/lib/x86_64-linux-gnu/libOgreMain.so
[1.384s] -- Looking for OGRE_Paging...
[1.388s] -- Found OGRE_Paging: optimized;/usr/lib/x86_64-linux-gnu/libOgrePaging.so;debug;/usr/lib/x86_64-linux-gnu/libOgrePaging.so
[1.388s] -- Looking for OGRE_Terrain...
[1.396s] -- Found OGRE_Terrain: optimized;/usr/lib/x86_64-linux-gnu/libOgreTerrain.so;debug;/usr/lib/x86_64-linux-gnu/libOgreTerrain.so
[1.396s] -- Looking for OGRE_Property...
[1.403s] -- Found OGRE_Property: optimized;/usr/lib/x86_64-linux-gnu/libOgreProperty.so;debug;/usr/lib/x86_64-linux-gnu/libOgreProperty.so
[1.403s] -- Looking for OGRE_RTShaderSystem...
[1.411s] -- Found OGRE_RTShaderSystem: optimized;/usr/lib/x86_64-linux-gnu/libOgreRTShaderSystem.so;debug;/usr/lib/x86_64-linux-gnu/libOgreRTShaderSystem.so
[1.411s] -- Looking for OGRE_Volume...
[1.417s] -- Found OGRE_Volume: optimized;/usr/lib/x86_64-linux-gnu/libOgreVolume.so;debug;/usr/lib/x86_64-linux-gnu/libOgreVolume.so
[1.417s] -- Looking for OGRE_Overlay...
[1.425s] -- Found OGRE_Overlay: optimized;/usr/lib/x86_64-linux-gnu/libOgreOverlay.so;debug;/usr/lib/x86_64-linux-gnu/libOgreOverlay.so
[1.529s] -- Looking for ignition-math6 -- found version 6.15.1
[1.533s] -- Looking for ignition-transport8 -- found version 8.2.1
[1.533s] -- Searching for dependencies of ignition-transport8
[1.555s] -- Found Protobuf: /usr/lib/x86_64-linux-gnu/libprotobuf.so (found suitable version "3.12.4", minimum required is "3") 
[1.570s] -- Config-file not installed for ZeroMQ -- checking for pkg-config
[1.575s] -- Checking for module 'libzmq >= 4'
[1.587s] --   Found libzmq , version 4.3.4
[1.618s] -- Found ZeroMQ: TRUE (Required is at least version "4") 
[1.623s] -- Checking for module 'uuid'
[1.634s] --   Found uuid, version 2.37.2
[1.661s] -- Found UUID: TRUE  
[1.664s] -- Looking for ignition-msgs5 -- found version 5.8.1
[1.664s] -- Searching for dependencies of ignition-msgs5
[1.687s] -- Looking for ignition-math6 -- found version 6.15.1
[1.692s] -- Checking for module 'tinyxml2'
[1.703s] --   Found tinyxml2, version 9.0.0
[1.731s] -- Looking for ignition-msgs5 -- found version 5.8.1
[1.734s] -- Looking for ignition-common3 -- found version 3.14.0
[1.735s] -- Searching for dependencies of ignition-common3
[1.735s] -- Looking for dlfcn.h - found
[1.736s] -- Looking for libdl - found
[1.737s] -- Found DL: TRUE  
[1.748s] -- Found tinyobjloader: /usr/lib/x86_64-linux-gnu/cmake/tinyobjloader/tinyobjloader-config.cmake (found version "2.0.0") 
[1.749s] -- Searching for <ignition-common3> component [graphics]
[1.752s] -- Looking for ignition-common3-graphics -- found version 3.14.0
[1.752s] -- Searching for dependencies of ignition-common3-graphics
[1.753s] -- Looking for ignition-math6 -- found version 6.15.1
[1.757s] -- Looking for ignition-fuel_tools4 -- found version 4.4.0
[1.757s] -- Searching for dependencies of ignition-fuel_tools4
[1.826s] -- Found CURL: /usr/lib/x86_64-linux-gnu/libcurl.so (found version "7.81.0")  
[1.835s] -- Checking for module 'jsoncpp'
[1.845s] --   Found jsoncpp, version 1.9.5
[1.870s] -- Found JSONCPP: TRUE  
[1.875s] -- Checking for module 'libzip'
[1.886s] --   Found libzip, version 1.7.3
[1.930s] -- Found ZIP: TRUE  
[1.931s] -- Looking for ignition-common3 -- found version 3.14.0
[1.932s] -- Looking for ignition-math6 -- found version 6.15.1
[1.934s] -- Looking for ignition-msgs5 -- found version 5.8.1
[1.944s] -- Gazebo version: 11.10
[1.945s] -- Checking for module 'tbb'
[1.971s] --   Found tbb, version 2021.5.0
[2.245s] -- Configuring done
[2.250s] -- Generating done
[2.253s] -- Build files have been written to: /home/rafaelbranco/Documentos/ISEP/OmniWatch/simple_car/build/prius_gazebo_sim
[2.262s] Invoked command in '/home/rafaelbranco/Documentos/ISEP/OmniWatch/simple_car/build/prius_gazebo_sim' returned '0': CMAKE_PREFIX_PATH=${CMAKE_PREFIX_PATH}:/opt/ros/humble /usr/bin/cmake /home/rafaelbranco/Documentos/ISEP/OmniWatch/simple_car/prius_gazebo_sim -DAMENT_CMAKE_SYMLINK_INSTALL=1 -DCMAKE_INSTALL_PREFIX=/home/rafaelbranco/Documentos/ISEP/OmniWatch/simple_car/install/prius_gazebo_sim
[2.263s] Invoking command in '/home/rafaelbranco/Documentos/ISEP/OmniWatch/simple_car/build/prius_gazebo_sim': CMAKE_PREFIX_PATH=${CMAKE_PREFIX_PATH}:/opt/ros/humble /usr/bin/cmake --build /home/rafaelbranco/Documentos/ISEP/OmniWatch/simple_car/build/prius_gazebo_sim -- -j12 -l12
[2.302s] Invoked command in '/home/rafaelbranco/Documentos/ISEP/OmniWatch/simple_car/build/prius_gazebo_sim' returned '0': CMAKE_PREFIX_PATH=${CMAKE_PREFIX_PATH}:/opt/ros/humble /usr/bin/cmake --build /home/rafaelbranco/Documentos/ISEP/OmniWatch/simple_car/build/prius_gazebo_sim -- -j12 -l12
[2.303s] Invoking command in '/home/rafaelbranco/Documentos/ISEP/OmniWatch/simple_car/build/prius_gazebo_sim': CMAKE_PREFIX_PATH=${CMAKE_PREFIX_PATH}:/opt/ros/humble /usr/bin/cmake --install /home/rafaelbranco/Documentos/ISEP/OmniWatch/simple_car/build/prius_gazebo_sim
[2.310s] -- Install configuration: ""
[2.311s] -- Execute custom install script
[2.311s] -- Symlinking: /home/rafaelbranco/Documentos/ISEP/OmniWatch/simple_car/install/prius_gazebo_sim/share/prius_gazebo_sim/launch/spawn_prius.launch.py
[2.319s] -- Symlinking: /home/rafaelbranco/Documentos/ISEP/OmniWatch/simple_car/install/prius_gazebo_sim/share/ament_index/resource_index/package_run_dependencies/prius_gazebo_sim
[2.326s] -- Symlinking: /home/rafaelbranco/Documentos/ISEP/OmniWatch/simple_car/install/prius_gazebo_sim/share/ament_index/resource_index/parent_prefix_path/prius_gazebo_sim
[2.333s] -- Symlinking: /home/rafaelbranco/Documentos/ISEP/OmniWatch/simple_car/install/prius_gazebo_sim/share/prius_gazebo_sim/environment/ament_prefix_path.sh
[2.339s] -- Symlinking: /home/rafaelbranco/Documentos/ISEP/OmniWatch/simple_car/install/prius_gazebo_sim/share/prius_gazebo_sim/environment/ament_prefix_path.dsv
[2.347s] -- Symlinking: /home/rafaelbranco/Documentos/ISEP/OmniWatch/simple_car/install/prius_gazebo_sim/share/prius_gazebo_sim/environment/path.sh
[2.355s] -- Symlinking: /home/rafaelbranco/Documentos/ISEP/OmniWatch/simple_car/install/prius_gazebo_sim/share/prius_gazebo_sim/environment/path.dsv
[2.363s] -- Symlinking: /home/rafaelbranco/Documentos/ISEP/OmniWatch/simple_car/install/prius_gazebo_sim/share/prius_gazebo_sim/local_setup.bash
[2.372s] -- Symlinking: /home/rafaelbranco/Documentos/ISEP/OmniWatch/simple_car/install/prius_gazebo_sim/share/prius_gazebo_sim/local_setup.sh
[2.384s] -- Symlinking: /home/rafaelbranco/Documentos/ISEP/OmniWatch/simple_car/install/prius_gazebo_sim/share/prius_gazebo_sim/local_setup.zsh
[2.398s] -- Symlinking: /home/rafaelbranco/Documentos/ISEP/OmniWatch/simple_car/install/prius_gazebo_sim/share/prius_gazebo_sim/local_setup.dsv
[2.412s] -- Symlinking: /home/rafaelbranco/Documentos/ISEP/OmniWatch/simple_car/install/prius_gazebo_sim/share/prius_gazebo_sim/package.dsv
[2.419s] -- Symlinking: /home/rafaelbranco/Documentos/ISEP/OmniWatch/simple_car/install/prius_gazebo_sim/share/ament_index/resource_index/packages/prius_gazebo_sim
[2.428s] -- Symlinking: /home/rafaelbranco/Documentos/ISEP/OmniWatch/simple_car/install/prius_gazebo_sim/share/prius_gazebo_sim/cmake/prius_gazebo_simConfig.cmake
[2.436s] -- Symlinking: /home/rafaelbranco/Documentos/ISEP/OmniWatch/simple_car/install/prius_gazebo_sim/share/prius_gazebo_sim/cmake/prius_gazebo_simConfig-version.cmake
[2.446s] -- Symlinking: /home/rafaelbranco/Documentos/ISEP/OmniWatch/simple_car/install/prius_gazebo_sim/share/prius_gazebo_sim/package.xml
[2.461s] Invoked command in '/home/rafaelbranco/Documentos/ISEP/OmniWatch/simple_car/build/prius_gazebo_sim' returned '0': CMAKE_PREFIX_PATH=${CMAKE_PREFIX_PATH}:/opt/ros/humble /usr/bin/cmake --install /home/rafaelbranco/Documentos/ISEP/OmniWatch/simple_car/build/prius_gazebo_sim
